["INFO" - 01:22:13] Extension Name: esbenp.prettier-vscode.
["INFO" - 01:22:13] Extension Version: 9.1.0.
["INFO" - 01:29:53] Formatting vscode-userdata:/home/serge/.config/Code/User/settings.json
["INFO" - 01:29:53] File Info:
{
  "ignored": false,
  "inferredParser": "json"
}
["INFO" - 01:29:53] No local configuration (i.e. .prettierrc or .editorconfig) detected, falling back to VS Code configuration
["INFO" - 01:29:53] Prettier Options:
{
  "arrowParens": "always",
  "bracketSpacing": true,
  "endOfLine": "lf",
  "htmlWhitespaceSensitivity": "css",
  "insertPragma": false,
  "jsxBracketSameLine": false,
  "jsxSingleQuote": false,
  "printWidth": 80,
  "proseWrap": "preserve",
  "quoteProps": "as-needed",
  "requirePragma": false,
  "semi": true,
  "singleQuote": false,
  "tabWidth": 2,
  "trailingComma": "es5",
  "useTabs": false,
  "vueIndentScriptAndStyle": false,
  "filepath": "/home/serge/.config/Code/User/settings.json",
  "parser": "json"
}
["INFO" - 01:29:53] Formatting completed in 0.041ms.
["INFO" - 01:30:01] Formatting file:///opt/Projects/ffhm/scoresheet/templates/scoresheet/competition/competition_view.html
["INFO" - 01:30:01] Using ignore file (if present) at /opt/Projects/ffhm/.prettierignore
["INFO" - 01:30:01] File Info:
{
  "ignored": false,
  "inferredParser": "html"
}
["INFO" - 01:30:01] No local configuration (i.e. .prettierrc or .editorconfig) detected, falling back to VS Code configuration
["INFO" - 01:30:01] Prettier Options:
{
  "arrowParens": "always",
  "bracketSpacing": true,
  "endOfLine": "lf",
  "htmlWhitespaceSensitivity": "css",
  "insertPragma": false,
  "jsxBracketSameLine": false,
  "jsxSingleQuote": false,
  "printWidth": 80,
  "proseWrap": "preserve",
  "quoteProps": "as-needed",
  "requirePragma": false,
  "semi": true,
  "singleQuote": false,
  "tabWidth": 2,
  "trailingComma": "es5",
  "useTabs": false,
  "vueIndentScriptAndStyle": false,
  "filepath": "/opt/Projects/ffhm/scoresheet/templates/scoresheet/competition/competition_view.html",
  "parser": "html"
}
["INFO" - 01:30:01] Formatting completed in 0.165ms.
["INFO" - 01:30:39] Formatting vscode-userdata:/home/serge/.config/Code/User/settings.json
["INFO" - 01:30:39] File Info:
{
  "ignored": false,
  "inferredParser": "json"
}
["INFO" - 01:30:39] No local configuration (i.e. .prettierrc or .editorconfig) detected, falling back to VS Code configuration
["INFO" - 01:30:39] Prettier Options:
{
  "arrowParens": "always",
  "bracketSpacing": true,
  "endOfLine": "lf",
  "htmlWhitespaceSensitivity": "css",
  "insertPragma": false,
  "jsxBracketSameLine": false,
  "jsxSingleQuote": false,
  "printWidth": 80,
  "proseWrap": "preserve",
  "quoteProps": "as-needed",
  "requirePragma": false,
  "semi": true,
  "singleQuote": false,
  "tabWidth": 2,
  "trailingComma": "es5",
  "useTabs": false,
  "vueIndentScriptAndStyle": false,
  "filepath": "/home/serge/.config/Code/User/settings.json",
  "parser": "json"
}
["INFO" - 01:30:39] Formatting completed in 0.021ms.
