Initializing document watcher...
ffhm/scoresheet/views/competition.py: {}
ffhm/scoresheet/views/competition.py: Using EditorConfig core...
ffhm/scoresheet/views/competition.py: Using EditorConfig core...
/home/serge/.config/Code/User/settings.json: {}
/home/serge/.config/Code/User/settings.json: Using EditorConfig core...
/home/serge/.config/Code/User/settings.json: Using EditorConfig core...
/home/serge/.config/Code/User/settings.json: Using EditorConfig core...
/home/serge/.config/Code/User/settings.json: Using EditorConfig core...
/home/serge/.config/Code/User/settings.json: Using EditorConfig core...
/home/serge/.config/Code/User/settings.json: Using EditorConfig core...
/home/serge/.config/Code/User/settings.json: Using EditorConfig core...
/home/serge/.config/Code/User/settings.json: Using EditorConfig core...
/home/serge/.config/Code/User/settings.json: Using EditorConfig core...
/home/serge/.config/Code/User/settings.json: Using EditorConfig core...
/home/serge/.config/Code/User/settings.json: Using EditorConfig core...
/home/serge/.config/Code/User/settings.json: Using EditorConfig core...
/home/serge/.config/Code/User/settings.json: Using EditorConfig core...
/home/serge/.config/Code/User/settings.json: {}
/home/serge/.config/Code/User/settings.json: Using EditorConfig core...
/home/serge/.config/Code/User/settings.json: {}
/home/serge/.config/Code/User/settings.json: Using EditorConfig core...
ffhm/scoresheet/templates/scoresheet/competition/competition_view.html: {}
ffhm/scoresheet/templates/scoresheet/competition/competition_view.html: Using EditorConfig core...
/home/serge/.config/Code/User/settings.json: {}
/home/serge/.config/Code/User/settings.json: Using EditorConfig core...
/home/serge/.config/Code/User/settings.json: Using EditorConfig core...
ffhm/scoresheet/templates/scoresheet/competition/competition_view.html: {}
ffhm/scoresheet/templates/scoresheet/competition/competition_view.html: Using EditorConfig core...
/home/serge/.config/Code/User/settings.json: {}
/home/serge/.config/Code/User/settings.json: Using EditorConfig core...
ffhm/scoresheet/views/competition.py: {}
ffhm/scoresheet/views/competition.py: Using EditorConfig core...
ffhm/scoresheet/views/competition.py: Using EditorConfig core...
ffhm/scoresheet/views/competition.py: Using EditorConfig core...
ffhm/scoresheet/views/competition.py: Using EditorConfig core...
/home/serge/.config/Code/User/settings.json: {}
/home/serge/.config/Code/User/settings.json: {}
/home/serge/.config/Code/User/settings.json: Using EditorConfig core...
ffhm/scoresheet/views/competition.py: {}
ffhm/scoresheet/views/competition.py: Using EditorConfig core...
