[2022-01-22 14:20:15.353] [exthost] [info] Extension host with pid 2267506 started
[2022-01-22 14:20:15.353] [exthost] [info] Skipping acquiring lock for /home/serge/.config/Code/User/workspaceStorage/b985a8ce55fa94b87e64c7621402c82b.
[2022-01-22 14:20:15.463] [exthost] [info] ExtensionService#_doActivateExtension vscode.microsoft-authentication, startup: false, activationEvent: 'onAuthenticationRequest:microsoft'
[2022-01-22 14:20:15.473] [exthost] [info] ExtensionService#_doActivateExtension vscode.configuration-editing, startup: false, activationEvent: 'onLanguage:jsonc'
[2022-01-22 14:20:15.476] [exthost] [info] ExtensionService#_doActivateExtension vscode.json-language-features, startup: false, activationEvent: 'onLanguage:jsonc'
[2022-01-22 14:20:15.488] [exthost] [info] ExtensionService#_doActivateExtension vscode.typescript-language-features, startup: false, activationEvent: 'onLanguage:jsonc'
[2022-01-22 14:20:15.501] [exthost] [info] ExtensionService#_doActivateExtension vscode.debug-auto-launch, startup: true, activationEvent: '*'
[2022-01-22 14:20:15.504] [exthost] [info] ExtensionService#_doActivateExtension vscode.git-base, startup: true, activationEvent: '*', root cause: vscode.github
[2022-01-22 14:20:15.506] [exthost] [info] ExtensionService#_doActivateExtension EditorConfig.EditorConfig, startup: true, activationEvent: '*'
[2022-01-22 14:20:15.530] [exthost] [info] ExtensionService#_doActivateExtension johnpapa.vscode-peacock, startup: true, activationEvent: '*'
[2022-01-22 14:20:15.534] [exthost] [info] ExtensionService#_doActivateExtension mhutchie.git-graph, startup: true, activationEvent: '*'
[2022-01-22 14:20:15.556] [exthost] [info] ExtensionService#_doActivateExtension PsykoSoldi3r.vscode-git-flow, startup: true, activationEvent: '*'
[2022-01-22 14:20:15.561] [exthost] [info] ExtensionService#_doActivateExtension vscode-icons-team.vscode-icons, startup: true, activationEvent: '*'
[2022-01-22 14:20:15.582] [exthost] [info] ExtensionService#_doActivateExtension vscodevim.vim, startup: true, activationEvent: '*'
[2022-01-22 14:20:15.621] [exthost] [info] ExtensionService#_doActivateExtension ms-python.python, startup: true, activationEvent: 'workspaceContains:requirements.txt'
[2022-01-22 14:20:16.232] [exthost] [info] ExtensionService#_doActivateExtension vscode.github-authentication, startup: false, activationEvent: 'onAuthenticationRequest:github'
[2022-01-22 14:20:16.846] [exthost] [info] ExtensionService#_doActivateExtension ms-python.vscode-pylance, startup: false, activationEvent: 'api', root cause: ms-python.python
[2022-01-22 14:20:17.647] [exthost] [info] ExtensionService#_doActivateExtension vscode.git, startup: true, activationEvent: '*'
[2022-01-22 14:20:17.762] [exthost] [info] ExtensionService#_doActivateExtension vscode.github, startup: true, activationEvent: '*'
[2022-01-22 14:20:17.865] [exthost] [info] Eager extensions activated
[2022-01-22 14:20:17.963] [exthost] [info] ExtensionService#_doActivateExtension vscode.emmet, startup: false, activationEvent: 'onStartupFinished'
[2022-01-22 14:20:17.995] [exthost] [info] ExtensionService#_doActivateExtension vscode.merge-conflict, startup: false, activationEvent: 'onStartupFinished'
[2022-01-22 14:20:18.011] [exthost] [info] ExtensionService#_doActivateExtension dbaeumer.vscode-eslint, startup: false, activationEvent: 'onStartupFinished'
[2022-01-22 14:20:18.037] [exthost] [info] ExtensionService#_doActivateExtension esbenp.prettier-vscode, startup: false, activationEvent: 'onStartupFinished'
[2022-01-22 14:20:18.531] [exthost] [info] ExtensionService#_doActivateExtension ms-vscode-remote.remote-containers, startup: false, activationEvent: 'onStartupFinished'
[2022-01-22 14:20:18.573] [exthost] [info] ExtensionService#_doActivateExtension nrwl.angular-console, startup: false, activationEvent: 'onStartupFinished'
[2022-01-22 14:20:18.860] [exthost] [info] ExtensionService#_doActivateExtension PKief.material-icon-theme, startup: false, activationEvent: 'onStartupFinished'
[2022-01-22 14:28:02.035] [exthost] [warning] TextEditor is closed/disposed
[2022-01-22 14:28:02.036] [exthost] [warning] TextEditor is closed/disposed
[2022-01-22 14:28:02.327] [exthost] [warning] ExtHostTextEditorOptions 'setCursorStyle' failed:'
[2022-01-22 14:28:02.327] [exthost] [warning] {"name":"DISPOSED","message":"TextEditor(vs.editor.ICodeEditor:1,$model1) has been disposed"}
[2022-01-22 14:28:18.035] [exthost] [info] ExtensionService#_doActivateExtension vscode.extension-editing, startup: false, activationEvent: 'onLanguage:json'
[2022-01-22 14:28:18.051] [exthost] [info] ExtensionService#_doActivateExtension vscode.npm, startup: false, activationEvent: 'onLanguage:json'
[2022-01-22 14:28:18.071] [exthost] [info] ExtensionService#_doActivateExtension eg2.vscode-npm-script, startup: false, activationEvent: 'onLanguage:json'
[2022-01-22 14:28:26.155] [exthost] [info] extension host terminating: renderer closed the socket
[2022-01-22 14:28:26.619] [exthost] [error] TypeError: Converting circular structure to JSON
    --> starting at object with constructor 't'
    |     property '_readableState' -> object with constructor 'C'
    |     property 'pipes' -> object with constructor 'Array'
    |     index 0 -> object with constructor 't.ConsoleForElectron'
    --- property 'parent' closes the circle
    at JSON.stringify (<anonymous>)
    at /home/serge/.vscode/extensions/vscodevim.vim-1.21.10/src/register/register.ts:357:16
    at runMicrotasks (<anonymous>)
    at process.async (internal/process/task_queues.js:93:5)
    at Object.e.deactivate (/home/serge/.vscode/extensions/vscodevim.vim-1.21.10/extension.ts:36:8)
    at async Promise.all (index 26)
    at v.deactivateAll (/snap/code/85/usr/share/code/resources/app/out/vs/workbench/services/extensions/node/extensionHostProcess.js:100:10087)
[2022-01-22 14:28:26.619] [exthost] [info] Extension host with pid 2267506 exiting with code 0
[2022-01-22 14:28:28.784] [exthost] [info] Extension host with pid 2279435 started
[2022-01-22 14:28:28.784] [exthost] [info] Skipping acquiring lock for /home/serge/.config/Code/User/workspaceStorage/b985a8ce55fa94b87e64c7621402c82b.
[2022-01-22 14:28:28.869] [exthost] [info] ExtensionService#_doActivateExtension vscode.microsoft-authentication, startup: false, activationEvent: 'onAuthenticationRequest:microsoft'
[2022-01-22 14:28:28.886] [exthost] [info] ExtensionService#_doActivateExtension vscode.debug-auto-launch, startup: true, activationEvent: '*'
[2022-01-22 14:28:28.892] [exthost] [info] ExtensionService#_doActivateExtension vscode.git-base, startup: true, activationEvent: '*', root cause: vscode.github
[2022-01-22 14:28:28.897] [exthost] [info] ExtensionService#_doActivateExtension EditorConfig.EditorConfig, startup: true, activationEvent: '*'
[2022-01-22 14:28:28.914] [exthost] [info] ExtensionService#_doActivateExtension johnpapa.vscode-peacock, startup: true, activationEvent: '*'
[2022-01-22 14:28:28.918] [exthost] [info] ExtensionService#_doActivateExtension mhutchie.git-graph, startup: true, activationEvent: '*'
[2022-01-22 14:28:28.951] [exthost] [info] ExtensionService#_doActivateExtension PsykoSoldi3r.vscode-git-flow, startup: true, activationEvent: '*'
[2022-01-22 14:28:28.954] [exthost] [info] ExtensionService#_doActivateExtension vscode-icons-team.vscode-icons, startup: true, activationEvent: '*'
[2022-01-22 14:28:28.970] [exthost] [info] ExtensionService#_doActivateExtension ms-python.python, startup: true, activationEvent: 'workspaceContains:requirements.txt'
[2022-01-22 14:28:29.656] [exthost] [info] ExtensionService#_doActivateExtension vscode.github-authentication, startup: false, activationEvent: 'onAuthenticationRequest:github'
[2022-01-22 14:28:30.204] [exthost] [info] ExtensionService#_doActivateExtension ms-python.vscode-pylance, startup: false, activationEvent: 'api', root cause: ms-python.python
[2022-01-22 14:28:30.999] [exthost] [info] ExtensionService#_doActivateExtension batisteo.vscode-django, startup: false, activationEvent: 'onLanguage:python'
[2022-01-22 14:28:31.025] [exthost] [info] ExtensionService#_doActivateExtension ms-toolsai.jupyter, startup: false, activationEvent: 'onLanguage:python'
[2022-01-22 14:28:31.316] [exthost] [info] ExtensionService#_doActivateExtension njpwerner.autodocstring, startup: false, activationEvent: 'onLanguage:python'
[2022-01-22 14:28:31.348] [exthost] [info] ExtensionService#_doActivateExtension shamanu4.django-intellisense, startup: false, activationEvent: 'onLanguage:python'
[2022-01-22 14:28:32.078] [exthost] [info] ExtensionService#_doActivateExtension ms-toolsai.jupyter-renderers, startup: false, activationEvent: 'api', root cause: ms-toolsai.jupyter
[2022-01-22 14:28:32.439] [exthost] [info] ExtensionService#_doActivateExtension vscode.git, startup: true, activationEvent: '*'
[2022-01-22 14:28:32.658] [exthost] [info] ExtensionService#_doActivateExtension vscode.github, startup: true, activationEvent: '*'
[2022-01-22 14:28:32.889] [exthost] [info] Eager extensions activated
[2022-01-22 14:28:33.022] [exthost] [info] ExtensionService#_doActivateExtension vscode.emmet, startup: false, activationEvent: 'onStartupFinished'
[2022-01-22 14:28:33.042] [exthost] [info] ExtensionService#_doActivateExtension vscode.merge-conflict, startup: false, activationEvent: 'onStartupFinished'
[2022-01-22 14:28:33.045] [exthost] [info] ExtensionService#_doActivateExtension dbaeumer.vscode-eslint, startup: false, activationEvent: 'onStartupFinished'
[2022-01-22 14:28:33.063] [exthost] [info] ExtensionService#_doActivateExtension esbenp.prettier-vscode, startup: false, activationEvent: 'onStartupFinished'
[2022-01-22 14:28:33.668] [exthost] [info] ExtensionService#_doActivateExtension ms-vscode-remote.remote-containers, startup: false, activationEvent: 'onStartupFinished'
[2022-01-22 14:28:33.752] [exthost] [info] ExtensionService#_doActivateExtension nrwl.angular-console, startup: false, activationEvent: 'onStartupFinished'
[2022-01-22 14:28:34.062] [exthost] [info] ExtensionService#_doActivateExtension PKief.material-icon-theme, startup: false, activationEvent: 'onStartupFinished'
[2022-01-22 14:28:34.282] [exthost] [error] [ms-python.python] provider FAILED
[2022-01-22 14:28:34.282] [exthost] [error] Canceled: Canceled
	at S.makeCancelError (/home/serge/.vscode/extensions/ms-python.python-2021.12.1559732655/out/client/extension.js:24:159824)
	at S.handleFailedRequest (/home/serge/.vscode/extensions/ms-python.python-2021.12.1559732655/out/client/extension.js:24:159675)
	at /home/serge/.vscode/extensions/ms-python.python-2021.12.1559732655/out/client/extension.js:24:124663
	at async s.provideDocumentSymbols (/snap/code/85/usr/share/code/resources/app/out/vs/workbench/services/extensions/node/extensionHostProcess.js:95:87704)
[2022-01-22 14:28:34.307] [exthost] [error] [ms-python.python] provider FAILED
[2022-01-22 14:28:34.307] [exthost] [error] Canceled: Canceled
	at S.makeCancelError (/home/serge/.vscode/extensions/ms-python.python-2021.12.1559732655/out/client/extension.js:24:159824)
	at S.handleFailedRequest (/home/serge/.vscode/extensions/ms-python.python-2021.12.1559732655/out/client/extension.js:24:159675)
	at /home/serge/.vscode/extensions/ms-python.python-2021.12.1559732655/out/client/extension.js:24:127536
	at async T.provideCodeActions (/snap/code/85/usr/share/code/resources/app/out/vs/workbench/services/extensions/node/extensionHostProcess.js:95:93216)
[2022-01-22 14:28:34.646] [exthost] [info] ExtensionService#_doActivateExtension vscode.typescript-language-features, startup: false, activationEvent: 'api', root cause: nrwl.angular-console
[2022-01-22 14:30:01.443] [exthost] [info] ExtensionService#_doActivateExtension vscode.configuration-editing, startup: false, activationEvent: 'onLanguage:jsonc'
[2022-01-22 14:30:01.448] [exthost] [info] ExtensionService#_doActivateExtension vscode.json-language-features, startup: false, activationEvent: 'onLanguage:jsonc'
[2022-01-22 14:44:28.493] [exthost] [error] [ms-python.python] provider FAILED
[2022-01-22 14:44:28.494] [exthost] [error] Canceled: Canceled
	at S.makeCancelError (/home/serge/.vscode/extensions/ms-python.python-2021.12.1559732655/out/client/extension.js:24:159824)
	at S.handleFailedRequest (/home/serge/.vscode/extensions/ms-python.python-2021.12.1559732655/out/client/extension.js:24:159675)
	at /home/serge/.vscode/extensions/ms-python.python-2021.12.1559732655/out/client/extension.js:24:120017
	at async o.provideHover (/snap/code/85/usr/share/code/resources/app/out/vs/workbench/services/extensions/node/extensionHostProcess.js:95:90908)
[2022-01-22 14:52:46.914] [exthost] [error] [ms-python.python] provider FAILED
[2022-01-22 14:52:46.914] [exthost] [error] TypeError: Cannot read property 'length' of undefined
	at /home/serge/.vscode/extensions/ms-python.python-2021.12.1559732655/out/client/extension.js:67:257359
	at p (/home/serge/.vscode/extensions/ms-python.python-2021.12.1559732655/out/client/extension.js:67:262355)
	at async z.provideCompletionItems (/snap/code/85/usr/share/code/resources/app/out/vs/workbench/services/extensions/node/extensionHostProcess.js:95:101516)
[2022-01-22 14:52:47.884] [exthost] [error] [ms-python.python] provider FAILED
[2022-01-22 14:52:47.884] [exthost] [error] Canceled: Canceled
	at S.makeCancelError (/home/serge/.vscode/extensions/ms-python.python-2021.12.1559732655/out/client/extension.js:24:159824)
	at S.handleFailedRequest (/home/serge/.vscode/extensions/ms-python.python-2021.12.1559732655/out/client/extension.js:24:159675)
	at /home/serge/.vscode/extensions/ms-python.python-2021.12.1559732655/out/client/extension.js:67:230734
	at async ne.provideFoldingRanges (/snap/code/85/usr/share/code/resources/app/out/vs/workbench/services/extensions/node/extensionHostProcess.js:95:107898)
[2022-01-22 22:27:02.917] [exthost] [info] ExtensionService#_doActivateExtension formulahendry.auto-rename-tag, startup: false, activationEvent: '*'
