[2022-01-22 22:17:12.331] [exthost] [info] Extension host with pid 2685605 started
[2022-01-22 22:17:12.331] [exthost] [info] Skipping acquiring lock for /home/serge/.config/Code/User/workspaceStorage/b985a8ce55fa94b87e64c7621402c82b.
[2022-01-22 22:17:12.552] [exthost] [info] ExtensionService#_doActivateExtension vscode.microsoft-authentication, startup: false, activationEvent: 'onAuthenticationRequest:microsoft'
[2022-01-22 22:17:12.565] [exthost] [info] ExtensionService#_doActivateExtension batisteo.vscode-django, startup: false, activationEvent: 'onLanguage:python'
[2022-01-22 22:17:12.591] [exthost] [info] ExtensionService#_doActivateExtension ms-python.python, startup: false, activationEvent: 'onLanguage:python', root cause: ms-python.vscode-pylance
[2022-01-22 22:17:12.885] [exthost] [info] ExtensionService#_doActivateExtension ms-toolsai.jupyter, startup: false, activationEvent: 'onLanguage:python'
[2022-01-22 22:17:13.112] [exthost] [info] ExtensionService#_doActivateExtension njpwerner.autodocstring, startup: false, activationEvent: 'onLanguage:python'
[2022-01-22 22:17:13.143] [exthost] [info] ExtensionService#_doActivateExtension shamanu4.django-intellisense, startup: false, activationEvent: 'onLanguage:python'
[2022-01-22 22:17:13.147] [exthost] [info] ExtensionService#_doActivateExtension vscode.debug-auto-launch, startup: true, activationEvent: '*'
[2022-01-22 22:17:13.155] [exthost] [info] ExtensionService#_doActivateExtension vscode.git-base, startup: true, activationEvent: '*', root cause: vscode.github
[2022-01-22 22:17:13.161] [exthost] [info] ExtensionService#_doActivateExtension EditorConfig.EditorConfig, startup: true, activationEvent: '*'
[2022-01-22 22:17:13.206] [exthost] [info] ExtensionService#_doActivateExtension johnpapa.vscode-peacock, startup: true, activationEvent: '*'
[2022-01-22 22:17:13.213] [exthost] [info] ExtensionService#_doActivateExtension mhutchie.git-graph, startup: true, activationEvent: '*'
[2022-01-22 22:17:13.243] [exthost] [info] ExtensionService#_doActivateExtension PsykoSoldi3r.vscode-git-flow, startup: true, activationEvent: '*'
[2022-01-22 22:17:13.247] [exthost] [info] ExtensionService#_doActivateExtension vscode-icons-team.vscode-icons, startup: true, activationEvent: '*'
[2022-01-22 22:17:14.016] [exthost] [info] ExtensionService#_doActivateExtension ms-toolsai.jupyter-renderers, startup: false, activationEvent: 'api', root cause: ms-toolsai.jupyter
[2022-01-22 22:17:14.223] [exthost] [info] ExtensionService#_doActivateExtension ms-python.vscode-pylance, startup: false, activationEvent: 'onLanguage:python'
[2022-01-22 22:17:14.367] [exthost] [info] ExtensionService#_doActivateExtension vscode.github-authentication, startup: false, activationEvent: 'onAuthenticationRequest:github'
[2022-01-22 22:17:16.362] [exthost] [info] ExtensionService#_doActivateExtension vscode.git, startup: true, activationEvent: '*'
[2022-01-22 22:17:16.507] [exthost] [info] ExtensionService#_doActivateExtension vscode.github, startup: true, activationEvent: '*'
[2022-01-22 22:17:16.645] [exthost] [info] Eager extensions activated
[2022-01-22 22:17:16.699] [exthost] [info] ExtensionService#_doActivateExtension vscode.emmet, startup: false, activationEvent: 'onStartupFinished'
[2022-01-22 22:17:16.716] [exthost] [info] ExtensionService#_doActivateExtension vscode.merge-conflict, startup: false, activationEvent: 'onStartupFinished'
[2022-01-22 22:17:16.731] [exthost] [info] ExtensionService#_doActivateExtension dbaeumer.vscode-eslint, startup: false, activationEvent: 'onStartupFinished'
[2022-01-22 22:17:16.746] [exthost] [info] ExtensionService#_doActivateExtension esbenp.prettier-vscode, startup: false, activationEvent: 'onStartupFinished'
[2022-01-22 22:17:17.146] [exthost] [info] ExtensionService#_doActivateExtension ms-vscode-remote.remote-containers, startup: false, activationEvent: 'onStartupFinished'
[2022-01-22 22:17:17.170] [exthost] [info] ExtensionService#_doActivateExtension nrwl.angular-console, startup: false, activationEvent: 'onStartupFinished'
[2022-01-22 22:17:17.311] [exthost] [info] ExtensionService#_doActivateExtension PKief.material-icon-theme, startup: false, activationEvent: 'onStartupFinished'
[2022-01-22 22:17:17.591] [exthost] [info] ExtensionService#_doActivateExtension vscode.typescript-language-features, startup: false, activationEvent: 'api', root cause: nrwl.angular-console
[2022-01-22 22:17:22.936] [exthost] [info] ExtensionService#_doActivateExtension vscode.configuration-editing, startup: false, activationEvent: 'onLanguage:jsonc'
[2022-01-22 22:17:22.941] [exthost] [info] ExtensionService#_doActivateExtension vscode.json-language-features, startup: false, activationEvent: 'onLanguage:jsonc'
[2022-01-22 22:26:45.308] [exthost] [info] ExtensionService#_doActivateExtension vscode.extension-editing, startup: false, activationEvent: 'onLanguage:json'
[2022-01-22 22:26:45.332] [exthost] [info] ExtensionService#_doActivateExtension vscode.npm, startup: false, activationEvent: 'onLanguage:json'
[2022-01-22 22:26:45.351] [exthost] [info] ExtensionService#_doActivateExtension eg2.vscode-npm-script, startup: false, activationEvent: 'onLanguage:json'
[2022-01-22 22:27:02.258] [exthost] [info] ExtensionService#_doActivateExtension formulahendry.auto-rename-tag, startup: false, activationEvent: '*'
[2022-01-23 00:37:52.357] [exthost] [error] [ms-python.python] provider FAILED
[2022-01-23 00:37:52.363] [exthost] [error] TypeError: Cannot read property 'length' of undefined
    at /home/serge/.vscode/extensions/ms-python.python-2021.12.1559732655/out/client/extension.js:67:257359
    at p (/home/serge/.vscode/extensions/ms-python.python-2021.12.1559732655/out/client/extension.js:67:262355)
    at z.provideCompletionItems (/snap/code/85/usr/share/code/resources/app/out/vs/workbench/services/extensions/node/extensionHostProcess.js:95:101516)
[2022-01-23 17:46:48.875] [exthost] [error] [ms-python.python] provider FAILED
[2022-01-23 17:46:48.876] [exthost] [error] Canceled: Canceled
    at S.makeCancelError (/home/serge/.vscode/extensions/ms-python.python-2021.12.1559732655/out/client/extension.js:24:159824)
    at S.handleFailedRequest (/home/serge/.vscode/extensions/ms-python.python-2021.12.1559732655/out/client/extension.js:24:159675)
    at /home/serge/.vscode/extensions/ms-python.python-2021.12.1559732655/out/client/extension.js:24:120017
    at o.provideHover (/snap/code/85/usr/share/code/resources/app/out/vs/workbench/services/extensions/node/extensionHostProcess.js:95:90908)
[2022-01-23 17:56:34.172] [exthost] [error] [ms-python.python] provider FAILED
[2022-01-23 17:56:34.175] [exthost] [error] Canceled: Canceled
    at S.makeCancelError (/home/serge/.vscode/extensions/ms-python.python-2021.12.1559732655/out/client/extension.js:24:159824)
    at S.handleFailedRequest (/home/serge/.vscode/extensions/ms-python.python-2021.12.1559732655/out/client/extension.js:24:159675)
    at /home/serge/.vscode/extensions/ms-python.python-2021.12.1559732655/out/client/extension.js:24:127536
    at T.provideCodeActions (/snap/code/85/usr/share/code/resources/app/out/vs/workbench/services/extensions/node/extensionHostProcess.js:95:93216)
[2022-01-23 17:56:47.842] [exthost] [error] [ms-python.python] provider FAILED
[2022-01-23 17:56:47.842] [exthost] [error] TypeError: Cannot read property 'length' of undefined
    at /home/serge/.vscode/extensions/ms-python.python-2021.12.1559732655/out/client/extension.js:67:257359
    at p (/home/serge/.vscode/extensions/ms-python.python-2021.12.1559732655/out/client/extension.js:67:262355)
    at z.provideCompletionItems (/snap/code/85/usr/share/code/resources/app/out/vs/workbench/services/extensions/node/extensionHostProcess.js:95:101516)
[2022-01-23 17:56:48.914] [exthost] [error] [ms-python.python] provider FAILED
[2022-01-23 17:56:48.914] [exthost] [error] Canceled: Canceled
    at S.makeCancelError (/home/serge/.vscode/extensions/ms-python.python-2021.12.1559732655/out/client/extension.js:24:159824)
    at S.handleFailedRequest (/home/serge/.vscode/extensions/ms-python.python-2021.12.1559732655/out/client/extension.js:24:159675)
    at /home/serge/.vscode/extensions/ms-python.python-2021.12.1559732655/out/client/extension.js:24:127536
    at T.provideCodeActions (/snap/code/85/usr/share/code/resources/app/out/vs/workbench/services/extensions/node/extensionHostProcess.js:95:93216)
[2022-01-23 17:56:51.079] [exthost] [error] [ms-python.python] provider FAILED
[2022-01-23 17:56:51.079] [exthost] [error] Canceled: Canceled
    at S.makeCancelError (/home/serge/.vscode/extensions/ms-python.python-2021.12.1559732655/out/client/extension.js:24:159824)
    at S.handleFailedRequest (/home/serge/.vscode/extensions/ms-python.python-2021.12.1559732655/out/client/extension.js:24:159675)
    at /home/serge/.vscode/extensions/ms-python.python-2021.12.1559732655/out/client/extension.js:67:230734
    at ne.provideFoldingRanges (/snap/code/85/usr/share/code/resources/app/out/vs/workbench/services/extensions/node/extensionHostProcess.js:95:107898)
[2022-01-23 17:57:14.881] [exthost] [error] [ms-python.python] provider FAILED
[2022-01-23 17:57:14.883] [exthost] [error] Canceled: Canceled
    at S.makeCancelError (/home/serge/.vscode/extensions/ms-python.python-2021.12.1559732655/out/client/extension.js:24:159824)
    at S.handleFailedRequest (/home/serge/.vscode/extensions/ms-python.python-2021.12.1559732655/out/client/extension.js:24:159675)
    at /home/serge/.vscode/extensions/ms-python.python-2021.12.1559732655/out/client/extension.js:24:127536
    at T.provideCodeActions (/snap/code/85/usr/share/code/resources/app/out/vs/workbench/services/extensions/node/extensionHostProcess.js:95:93216)
[2022-01-23 17:57:43.958] [exthost] [error] [ms-python.python] provider FAILED
[2022-01-23 17:57:43.958] [exthost] [error] Canceled: Canceled
    at S.makeCancelError (/home/serge/.vscode/extensions/ms-python.python-2021.12.1559732655/out/client/extension.js:24:159824)
    at S.handleFailedRequest (/home/serge/.vscode/extensions/ms-python.python-2021.12.1559732655/out/client/extension.js:24:159675)
    at /home/serge/.vscode/extensions/ms-python.python-2021.12.1559732655/out/client/extension.js:67:230734
    at ne.provideFoldingRanges (/snap/code/85/usr/share/code/resources/app/out/vs/workbench/services/extensions/node/extensionHostProcess.js:95:107898)
[2022-01-23 17:57:54.716] [exthost] [error] [ms-python.python] provider FAILED
[2022-01-23 17:57:54.716] [exthost] [error] Canceled: Canceled
    at S.makeCancelError (/home/serge/.vscode/extensions/ms-python.python-2021.12.1559732655/out/client/extension.js:24:159824)
    at S.handleFailedRequest (/home/serge/.vscode/extensions/ms-python.python-2021.12.1559732655/out/client/extension.js:24:159675)
    at /home/serge/.vscode/extensions/ms-python.python-2021.12.1559732655/out/client/extension.js:67:230734
    at ne.provideFoldingRanges (/snap/code/85/usr/share/code/resources/app/out/vs/workbench/services/extensions/node/extensionHostProcess.js:95:107898)
[2022-01-23 18:03:10.500] [exthost] [error] [ms-python.python] provider FAILED
[2022-01-23 18:03:10.501] [exthost] [error] Canceled: Canceled
    at S.makeCancelError (/home/serge/.vscode/extensions/ms-python.python-2021.12.1559732655/out/client/extension.js:24:159824)
    at S.handleFailedRequest (/home/serge/.vscode/extensions/ms-python.python-2021.12.1559732655/out/client/extension.js:24:159675)
    at /home/serge/.vscode/extensions/ms-python.python-2021.12.1559732655/out/client/extension.js:24:120017
    at o.provideHover (/snap/code/85/usr/share/code/resources/app/out/vs/workbench/services/extensions/node/extensionHostProcess.js:95:90908)
[2022-01-23 18:03:12.672] [exthost] [error] [ms-python.python] provider FAILED
[2022-01-23 18:03:12.672] [exthost] [error] Canceled: Canceled
    at S.makeCancelError (/home/serge/.vscode/extensions/ms-python.python-2021.12.1559732655/out/client/extension.js:24:159824)
    at S.handleFailedRequest (/home/serge/.vscode/extensions/ms-python.python-2021.12.1559732655/out/client/extension.js:24:159675)
    at /home/serge/.vscode/extensions/ms-python.python-2021.12.1559732655/out/client/extension.js:24:120017
    at o.provideHover (/snap/code/85/usr/share/code/resources/app/out/vs/workbench/services/extensions/node/extensionHostProcess.js:95:90908)
[2022-01-23 18:06:54.263] [exthost] [error] [ms-python.python] provider FAILED
[2022-01-23 18:06:54.265] [exthost] [error] TypeError: Cannot read property 'length' of undefined
    at /home/serge/.vscode/extensions/ms-python.python-2021.12.1559732655/out/client/extension.js:67:257359
    at p (/home/serge/.vscode/extensions/ms-python.python-2021.12.1559732655/out/client/extension.js:67:262355)
    at z.provideCompletionItems (/snap/code/85/usr/share/code/resources/app/out/vs/workbench/services/extensions/node/extensionHostProcess.js:95:101516)
[2022-01-23 18:06:54.266] [exthost] [error] [ms-python.python] provider FAILED
[2022-01-23 18:06:54.266] [exthost] [error] Canceled: Canceled
    at S.makeCancelError (/home/serge/.vscode/extensions/ms-python.python-2021.12.1559732655/out/client/extension.js:24:159824)
    at S.handleFailedRequest (/home/serge/.vscode/extensions/ms-python.python-2021.12.1559732655/out/client/extension.js:24:159675)
    at /home/serge/.vscode/extensions/ms-python.python-2021.12.1559732655/out/client/extension.js:67:230734
    at ne.provideFoldingRanges (/snap/code/85/usr/share/code/resources/app/out/vs/workbench/services/extensions/node/extensionHostProcess.js:95:107898)
[2022-01-23 18:06:55.153] [exthost] [error] [ms-python.python] provider FAILED
[2022-01-23 18:06:55.154] [exthost] [error] Error: name must not be falsy
    at Function.validate (/snap/code/85/usr/share/code/resources/app/out/vs/workbench/services/extensions/node/extensionHostProcess.js:86:30561)
    at new t (/snap/code/85/usr/share/code/resources/app/out/vs/workbench/services/extensions/node/extensionHostProcess.js:86:30510)
    at new t (/snap/code/85/usr/share/code/resources/app/out/vs/workbench/services/extensions/node/extensionHostProcess.js:86:17301)
    at B (/home/serge/.vscode/extensions/ms-python.python-2021.12.1559732655/out/client/extension.js:67:215318)
    at Array.map (<anonymous>)
    at Object.asDocumentSymbols (/home/serge/.vscode/extensions/ms-python.python-2021.12.1559732655/out/client/extension.js:67:220656)
    at /home/serge/.vscode/extensions/ms-python.python-2021.12.1559732655/out/client/extension.js:24:124585
    at s.provideDocumentSymbols (/snap/code/85/usr/share/code/resources/app/out/vs/workbench/services/extensions/node/extensionHostProcess.js:95:87704)
[2022-01-23 18:06:55.649] [exthost] [error] [ms-python.python] provider FAILED
[2022-01-23 18:06:55.649] [exthost] [error] Error: name must not be falsy
    at Function.validate (/snap/code/85/usr/share/code/resources/app/out/vs/workbench/services/extensions/node/extensionHostProcess.js:86:30561)
    at new t (/snap/code/85/usr/share/code/resources/app/out/vs/workbench/services/extensions/node/extensionHostProcess.js:86:30510)
    at new t (/snap/code/85/usr/share/code/resources/app/out/vs/workbench/services/extensions/node/extensionHostProcess.js:86:17301)
    at B (/home/serge/.vscode/extensions/ms-python.python-2021.12.1559732655/out/client/extension.js:67:215318)
    at Array.map (<anonymous>)
    at Object.asDocumentSymbols (/home/serge/.vscode/extensions/ms-python.python-2021.12.1559732655/out/client/extension.js:67:220656)
    at /home/serge/.vscode/extensions/ms-python.python-2021.12.1559732655/out/client/extension.js:24:124585
    at s.provideDocumentSymbols (/snap/code/85/usr/share/code/resources/app/out/vs/workbench/services/extensions/node/extensionHostProcess.js:95:87704)
[2022-01-23 18:07:19.411] [exthost] [error] [ms-python.python] provider FAILED
[2022-01-23 18:07:19.411] [exthost] [error] Canceled: Canceled
    at S.makeCancelError (/home/serge/.vscode/extensions/ms-python.python-2021.12.1559732655/out/client/extension.js:24:159824)
    at S.handleFailedRequest (/home/serge/.vscode/extensions/ms-python.python-2021.12.1559732655/out/client/extension.js:24:159675)
    at /home/serge/.vscode/extensions/ms-python.python-2021.12.1559732655/out/client/extension.js:24:119225
    at z.resolveCompletionItem (/snap/code/85/usr/share/code/resources/app/out/vs/workbench/services/extensions/node/extensionHostProcess.js:95:102238)
[2022-01-23 18:07:50.821] [exthost] [error] [ms-python.python] provider FAILED
[2022-01-23 18:07:50.821] [exthost] [error] Canceled: Canceled
    at S.makeCancelError (/home/serge/.vscode/extensions/ms-python.python-2021.12.1559732655/out/client/extension.js:24:159824)
    at S.handleFailedRequest (/home/serge/.vscode/extensions/ms-python.python-2021.12.1559732655/out/client/extension.js:24:159675)
    at /home/serge/.vscode/extensions/ms-python.python-2021.12.1559732655/out/client/extension.js:24:123609
    at h.provideDocumentHighlights (/snap/code/85/usr/share/code/resources/app/out/vs/workbench/services/extensions/node/extensionHostProcess.js:95:91846)
[2022-01-23 18:07:51.301] [exthost] [error] [ms-python.python] provider FAILED
[2022-01-23 18:07:51.301] [exthost] [error] Canceled: Canceled
    at S.makeCancelError (/home/serge/.vscode/extensions/ms-python.python-2021.12.1559732655/out/client/extension.js:24:159824)
    at S.handleFailedRequest (/home/serge/.vscode/extensions/ms-python.python-2021.12.1559732655/out/client/extension.js:24:159675)
    at /home/serge/.vscode/extensions/ms-python.python-2021.12.1559732655/out/client/extension.js:24:123609
    at h.provideDocumentHighlights (/snap/code/85/usr/share/code/resources/app/out/vs/workbench/services/extensions/node/extensionHostProcess.js:95:91846)
[2022-01-23 18:14:47.965] [exthost] [error] [ms-python.python] provider FAILED
[2022-01-23 18:14:47.966] [exthost] [error] TypeError: Cannot read property 'length' of undefined
    at /home/serge/.vscode/extensions/ms-python.python-2021.12.1559732655/out/client/extension.js:67:257359
    at p (/home/serge/.vscode/extensions/ms-python.python-2021.12.1559732655/out/client/extension.js:67:262355)
    at z.provideCompletionItems (/snap/code/85/usr/share/code/resources/app/out/vs/workbench/services/extensions/node/extensionHostProcess.js:95:101516)
[2022-01-23 18:39:46.845] [exthost] [error] [ms-python.python] provider FAILED
[2022-01-23 18:39:46.850] [exthost] [error] TypeError: Cannot read property 'length' of undefined
    at /home/serge/.vscode/extensions/ms-python.python-2021.12.1559732655/out/client/extension.js:67:257359
    at p (/home/serge/.vscode/extensions/ms-python.python-2021.12.1559732655/out/client/extension.js:67:262355)
    at z.provideCompletionItems (/snap/code/85/usr/share/code/resources/app/out/vs/workbench/services/extensions/node/extensionHostProcess.js:95:101516)
[2022-01-23 18:39:46.901] [exthost] [error] [ms-python.python] provider FAILED
[2022-01-23 18:39:46.901] [exthost] [error] Canceled: Canceled
    at S.makeCancelError (/home/serge/.vscode/extensions/ms-python.python-2021.12.1559732655/out/client/extension.js:24:159824)
    at S.handleFailedRequest (/home/serge/.vscode/extensions/ms-python.python-2021.12.1559732655/out/client/extension.js:24:159675)
    at /home/serge/.vscode/extensions/ms-python.python-2021.12.1559732655/out/client/extension.js:67:230734
    at ne.provideFoldingRanges (/snap/code/85/usr/share/code/resources/app/out/vs/workbench/services/extensions/node/extensionHostProcess.js:95:107898)
