[2022-01-24 18:16:58.499] [exthost] [info] Extension host with pid 2808613 started
[2022-01-24 18:16:58.499] [exthost] [info] Skipping acquiring lock for /home/serge/.config/Code/User/workspaceStorage/b985a8ce55fa94b87e64c7621402c82b.
[2022-01-24 18:16:58.752] [exthost] [info] ExtensionService#_doActivateExtension vscode.microsoft-authentication, startup: false, activationEvent: 'onAuthenticationRequest:microsoft'
[2022-01-24 18:16:58.773] [exthost] [info] ExtensionService#_doActivateExtension batisteo.vscode-django, startup: false, activationEvent: 'onLanguage:django-html'
[2022-01-24 18:16:58.808] [exthost] [info] ExtensionService#_doActivateExtension vscode.debug-auto-launch, startup: true, activationEvent: '*'
[2022-01-24 18:16:58.820] [exthost] [info] ExtensionService#_doActivateExtension vscode.git-base, startup: true, activationEvent: '*', root cause: vscode.github
[2022-01-24 18:16:58.838] [exthost] [info] ExtensionService#_doActivateExtension EditorConfig.EditorConfig, startup: true, activationEvent: '*'
[2022-01-24 18:16:58.923] [exthost] [info] ExtensionService#_doActivateExtension formulahendry.auto-rename-tag, startup: true, activationEvent: '*'
[2022-01-24 18:16:58.944] [exthost] [info] ExtensionService#_doActivateExtension johnpapa.vscode-peacock, startup: true, activationEvent: '*'
[2022-01-24 18:16:58.969] [exthost] [info] ExtensionService#_doActivateExtension mhutchie.git-graph, startup: true, activationEvent: '*'
[2022-01-24 18:16:59.074] [exthost] [info] ExtensionService#_doActivateExtension PsykoSoldi3r.vscode-git-flow, startup: true, activationEvent: '*'
[2022-01-24 18:16:59.107] [exthost] [info] ExtensionService#_doActivateExtension vscode-icons-team.vscode-icons, startup: true, activationEvent: '*'
[2022-01-24 18:16:59.141] [exthost] [info] ExtensionService#_doActivateExtension ms-python.python, startup: true, activationEvent: 'workspaceContains:requirements.txt'
[2022-01-24 18:17:00.807] [exthost] [info] ExtensionService#_doActivateExtension vscode.github-authentication, startup: false, activationEvent: 'onAuthenticationRequest:github'
[2022-01-24 18:17:01.120] [exthost] [info] ExtensionService#_doActivateExtension ms-python.vscode-pylance, startup: false, activationEvent: 'api', root cause: ms-python.python
[2022-01-24 18:17:02.364] [exthost] [info] ExtensionService#_doActivateExtension vscode.git, startup: true, activationEvent: '*'
[2022-01-24 18:17:02.606] [exthost] [info] ExtensionService#_doActivateExtension vscode.github, startup: true, activationEvent: '*'
[2022-01-24 18:17:03.159] [exthost] [info] Eager extensions activated
[2022-01-24 18:17:03.248] [exthost] [info] ExtensionService#_doActivateExtension vscode.emmet, startup: false, activationEvent: 'onStartupFinished'
[2022-01-24 18:17:03.282] [exthost] [info] ExtensionService#_doActivateExtension vscode.merge-conflict, startup: false, activationEvent: 'onStartupFinished'
[2022-01-24 18:17:03.288] [exthost] [info] ExtensionService#_doActivateExtension dbaeumer.vscode-eslint, startup: false, activationEvent: 'onStartupFinished'
[2022-01-24 18:17:03.306] [exthost] [info] ExtensionService#_doActivateExtension esbenp.prettier-vscode, startup: false, activationEvent: 'onStartupFinished'
[2022-01-24 18:17:04.161] [exthost] [info] ExtensionService#_doActivateExtension ms-vscode-remote.remote-containers, startup: false, activationEvent: 'onStartupFinished'
[2022-01-24 18:17:04.211] [exthost] [info] ExtensionService#_doActivateExtension nrwl.angular-console, startup: false, activationEvent: 'onStartupFinished'
[2022-01-24 18:17:04.537] [exthost] [info] ExtensionService#_doActivateExtension PKief.material-icon-theme, startup: false, activationEvent: 'onStartupFinished'
[2022-01-24 18:17:04.860] [exthost] [info] ExtensionService#_doActivateExtension vscode.typescript-language-features, startup: false, activationEvent: 'api', root cause: nrwl.angular-console
[2022-01-24 18:28:46.702] [exthost] [info] ExtensionService#_doActivateExtension ms-toolsai.jupyter, startup: false, activationEvent: 'onLanguage:python'
[2022-01-24 18:28:47.101] [exthost] [info] ExtensionService#_doActivateExtension njpwerner.autodocstring, startup: false, activationEvent: 'onLanguage:python'
[2022-01-24 18:28:47.203] [exthost] [info] ExtensionService#_doActivateExtension shamanu4.django-intellisense, startup: false, activationEvent: 'onLanguage:python'
[2022-01-24 18:28:47.951] [exthost] [info] ExtensionService#_doActivateExtension ms-toolsai.jupyter-renderers, startup: false, activationEvent: 'api', root cause: ms-toolsai.jupyter
[2022-01-24 18:28:49.069] [exthost] [error] [ms-python.python] provider FAILED
[2022-01-24 18:28:49.070] [exthost] [error] Canceled: Canceled
    at S.makeCancelError (/home/serge/.vscode/extensions/ms-python.python-2021.12.1559732655/out/client/extension.js:24:159824)
    at S.handleFailedRequest (/home/serge/.vscode/extensions/ms-python.python-2021.12.1559732655/out/client/extension.js:24:159675)
    at /home/serge/.vscode/extensions/ms-python.python-2021.12.1559732655/out/client/extension.js:24:127536
    at T.provideCodeActions (/snap/code/85/usr/share/code/resources/app/out/vs/workbench/services/extensions/node/extensionHostProcess.js:95:93216)
[2022-01-24 18:28:49.070] [exthost] [error] [ms-python.python] provider FAILED
[2022-01-24 18:28:49.070] [exthost] [error] Canceled: Canceled
    at S.makeCancelError (/home/serge/.vscode/extensions/ms-python.python-2021.12.1559732655/out/client/extension.js:24:159824)
    at S.handleFailedRequest (/home/serge/.vscode/extensions/ms-python.python-2021.12.1559732655/out/client/extension.js:24:159675)
    at /home/serge/.vscode/extensions/ms-python.python-2021.12.1559732655/out/client/extension.js:24:127536
    at T.provideCodeActions (/snap/code/85/usr/share/code/resources/app/out/vs/workbench/services/extensions/node/extensionHostProcess.js:95:93216)
[2022-01-24 18:30:21.490] [exthost] [error] [ms-python.python] provider FAILED
[2022-01-24 18:30:21.491] [exthost] [error] Canceled: Canceled
    at S.makeCancelError (/home/serge/.vscode/extensions/ms-python.python-2021.12.1559732655/out/client/extension.js:24:159824)
    at S.handleFailedRequest (/home/serge/.vscode/extensions/ms-python.python-2021.12.1559732655/out/client/extension.js:24:159675)
    at /home/serge/.vscode/extensions/ms-python.python-2021.12.1559732655/out/client/extension.js:24:123609
    at h.provideDocumentHighlights (/snap/code/85/usr/share/code/resources/app/out/vs/workbench/services/extensions/node/extensionHostProcess.js:95:91846)
[2022-01-24 18:30:25.560] [exthost] [error] [ms-python.python] provider FAILED
[2022-01-24 18:30:25.560] [exthost] [error] TypeError: Cannot read property 'length' of undefined
    at /home/serge/.vscode/extensions/ms-python.python-2021.12.1559732655/out/client/extension.js:67:257359
    at p (/home/serge/.vscode/extensions/ms-python.python-2021.12.1559732655/out/client/extension.js:67:262355)
    at z.provideCompletionItems (/snap/code/85/usr/share/code/resources/app/out/vs/workbench/services/extensions/node/extensionHostProcess.js:95:101516)
[2022-01-24 18:30:28.347] [exthost] [error] [ms-python.python] provider FAILED
[2022-01-24 18:30:28.348] [exthost] [error] Canceled: Canceled
    at S.makeCancelError (/home/serge/.vscode/extensions/ms-python.python-2021.12.1559732655/out/client/extension.js:24:159824)
    at S.handleFailedRequest (/home/serge/.vscode/extensions/ms-python.python-2021.12.1559732655/out/client/extension.js:24:159675)
    at /home/serge/.vscode/extensions/ms-python.python-2021.12.1559732655/out/client/extension.js:24:127536
    at T.provideCodeActions (/snap/code/85/usr/share/code/resources/app/out/vs/workbench/services/extensions/node/extensionHostProcess.js:95:93216)
[2022-01-24 18:30:29.792] [exthost] [error] [ms-python.python] provider FAILED
[2022-01-24 18:30:29.792] [exthost] [error] Canceled: Canceled
    at S.makeCancelError (/home/serge/.vscode/extensions/ms-python.python-2021.12.1559732655/out/client/extension.js:24:159824)
    at S.handleFailedRequest (/home/serge/.vscode/extensions/ms-python.python-2021.12.1559732655/out/client/extension.js:24:159675)
    at /home/serge/.vscode/extensions/ms-python.python-2021.12.1559732655/out/client/extension.js:24:127536
    at T.provideCodeActions (/snap/code/85/usr/share/code/resources/app/out/vs/workbench/services/extensions/node/extensionHostProcess.js:95:93216)
[2022-01-26 00:13:46.073] [exthost] [error] [ms-python.python] provider FAILED
[2022-01-26 00:13:46.074] [exthost] [error] TypeError: Cannot read property 'length' of undefined
    at /home/serge/.vscode/extensions/ms-python.python-2021.12.1559732655/out/client/extension.js:67:257359
    at p (/home/serge/.vscode/extensions/ms-python.python-2021.12.1559732655/out/client/extension.js:67:262355)
    at z.provideCompletionItems (/snap/code/85/usr/share/code/resources/app/out/vs/workbench/services/extensions/node/extensionHostProcess.js:95:101516)
[2022-01-26 00:15:23.411] [exthost] [info] ExtensionService#_doActivateExtension vscode.configuration-editing, startup: false, activationEvent: 'onLanguage:json'
[2022-01-26 00:15:23.439] [exthost] [info] ExtensionService#_doActivateExtension vscode.extension-editing, startup: false, activationEvent: 'onLanguage:json'
[2022-01-26 00:15:23.452] [exthost] [info] ExtensionService#_doActivateExtension vscode.json-language-features, startup: false, activationEvent: 'onLanguage:json'
[2022-01-26 00:15:23.474] [exthost] [info] ExtensionService#_doActivateExtension vscode.npm, startup: false, activationEvent: 'onLanguage:json'
[2022-01-26 00:15:23.492] [exthost] [info] ExtensionService#_doActivateExtension eg2.vscode-npm-script, startup: false, activationEvent: 'onLanguage:json'
[2022-01-26 00:15:25.147] [exthost] [info] ExtensionService#_doActivateExtension vscodevim.vim, startup: false, activationEvent: '*'
[2022-01-26 00:16:58.381] [exthost] [info] ExtensionService#_doActivateExtension christian-kohler.npm-intellisense, startup: false, activationEvent: 'onLanguage:javascript'
[2022-01-26 00:16:58.452] [exthost] [info] ExtensionService#_doActivateExtension ms-vscode.vscode-typescript-tslint-plugin, startup: false, activationEvent: 'onLanguage:javascript'
