[Info  - 22:17:16] Pylance language server 2022.1.3 (pyright 98868f26) starting
[Info  - 22:17:16] Server root directory: /home/serge/.vscode/extensions/ms-python.vscode-pylance-2022.1.3/dist
[Info  - 22:17:17] Background analysis(1) root directory: /home/serge/.vscode/extensions/ms-python.vscode-pylance-2022.1.3/dist
[Info  - 22:17:17] Background analysis(1) started
[Info  - 22:17:17] No configuration file found.
[Info  - 22:17:17] No pyproject.toml file found.
[Info  - 22:17:17] Setting pythonPath for service "ffhm": "/opt/Projects/ffhm/venv/bin/python"
[Warn  - 22:17:17] stubPath /opt/Projects/ffhm/typings is not a valid directory.
[Info  - 22:17:17] Assuming Python version 3.8
[Info  - 22:17:17] Assuming Python platform Linux
[Warn  - 22:17:18] Exception received when installing file system watcher: TypeError [ERR_FEATURE_UNAVAILABLE_ON_PLATFORM]: The feature watch recursively is unavailable on the current platform, which is being used to run Node.js
[Warn  - 22:17:18] Exception received when installing file system watcher: TypeError [ERR_FEATURE_UNAVAILABLE_ON_PLATFORM]: The feature watch recursively is unavailable on the current platform, which is being used to run Node.js
[Info  - 22:17:18] Searching for source files
[Info  - 22:17:18] Auto-excluding /opt/Projects/ffhm/venv
[Info  - 22:17:18] Found 51 source files
[Info  - 22:17:18] Indexer background runner(2) root directory: /home/serge/.vscode/extensions/ms-python.vscode-pylance-2022.1.3/dist
[Info  - 22:17:18] Indexing(2) started
[Info  - 22:17:19] Indexer done(2). indexed 440 files
[Info  - 18:00:51] Searching for source files
[Info  - 18:00:51] Auto-excluding /opt/Projects/ffhm/venv
[Info  - 18:00:51] Found 52 source files
[Info  - 18:43:56] Searching for source files
[Info  - 18:43:56] Auto-excluding /opt/Projects/ffhm/venv
[Info  - 18:43:56] Found 51 source files
[Info  - 18:44:00] Searching for source files
[Info  - 18:44:00] Auto-excluding /opt/Projects/ffhm/venv
[Info  - 18:44:00] Found 52 source files
