Initializing document watcher...
ffhm/scoresheet/views/concurrent.py: {}
ffhm/scoresheet/views/concurrent.py: {}
No more open editors.
No more open editors.
No more open editors.
ffhm/scoresheet/views/concurrent.py: {}
ffhm/scoresheet/views/concurrent.py: {}
ffhm/scoresheet/views/concurrent.py: {}
ffhm/scoresheet/views/competition.py: {}
ffhm/scoresheet/views/competition.py: {}
No more open editors.
No more open editors.
No more open editors.
No more open editors.
ffhm/scoresheet/views/competition.py: {}
ffhm/scoresheet/views/competition.py: {}
ffhm/api/admin.py: {}
No more open editors.
ffhm/scoresheet/views/competition.py: {}
ffhm/api/apps.py: {}
ffhm/api/apps.py: {}
ffhm/scoresheet/views/competition.py: {}
ffhm/scoresheet/views/competition.py: {}
ffhm/scoresheet/views/competition.py: {}
ffhm/api/models.py: {}
ffhm/api/models.py: {}
ffhm/api/signals.py: {}
ffhm/scoresheet/views/competition.py: {}
ffhm/scoresheet/views/concurrent.py: {}
ffhm/scoresheet/views/competition.py: {}
ffhm/api/models.py: {}
ffhm/api/models.py: {}
ffhm/api/models.py: {}
ffhm/api/admin.py: {}
ffhm/api/models.py: {}
ffhm/api/models.py: Using EditorConfig core...
ffhm/api/models.py: Using EditorConfig core...
ffhm/api/models.py: {}
ffhm/api/models.py: Using EditorConfig core...
ffhm/api/models.py: {}
ffhm/api/models.py: {}
ffhm/api/models.py: {}
ffhm/api/admin.py: {}
ffhm/api/admin.py: Using EditorConfig core...
ffhm/api/admin.py: Using EditorConfig core...
ffhm/api/admin.py: Using EditorConfig core...
ffhm/api/admin.py: Using EditorConfig core...
ffhm/api/admin.py: Using EditorConfig core...
ffhm/api/admin.py: {}
ffhm/api/admin.py: Using EditorConfig core...
ffhm/api/admin.py: Using EditorConfig core...
ffhm/api/admin.py: {}
ffhm/api/admin.py: Using EditorConfig core...
ffhm/api/admin.py: Using EditorConfig core...
ffhm/api/admin.py: {}
ffhm/scoresheet/views/competition.py: {}
ffhm/api/admin.py: {}
ffhm/api/admin.py: Using EditorConfig core...
ffhm/api/admin.py: {}
ffhm/api/admin.py: {}
ffhm/api/admin.py: Using EditorConfig core...
ffhm/api/admin.py: {}
ffhm/api/admin.py: Using EditorConfig core...
ffhm/api/admin.py: {}
ffhm/api/admin.py: Using EditorConfig core...
ffhm/api/admin.py: {}
ffhm/api/models.py: {}
ffhm/scoresheet/views/competition.py: {}
ffhm/api/models.py: {}
ffhm/api/admin.py: {}
ffhm/api/admin.py: Using EditorConfig core...
ffhm/api/admin.py: {}
ffhm/scoresheet/views/competition.py: {}
ffhm/scoresheet/templates/scoresheet/competition/competition_add.html: {}
ffhm/scoresheet/forms.py: {}
ffhm/scoresheet/forms.py: {}
ffhm/scoresheet/forms.py: Using EditorConfig core...
ffhm/scoresheet/forms.py: {}
ffhm/scoresheet/templates/scoresheet/competition/competition_add.html: {}
ffhm/scoresheet/templates/scoresheet/competition/_competition_form.html: {}
ffhm/scoresheet/templates/scoresheet/competition/_competition_form.html: {}
ffhm/scoresheet/templates/scoresheet/competition/_competition_form.html: {}
ffhm/scoresheet/templates/scoresheet/competition/_competition_form.html: Using EditorConfig core...
ffhm/scoresheet/templates/scoresheet/competition/_competition_form.html: Using EditorConfig core...
ffhm/scoresheet/templates/scoresheet/competition/_competition_form.html: {}
ffhm/scoresheet/templates/scoresheet/competition/_competition_form.html: Using EditorConfig core...
ffhm/scoresheet/templates/scoresheet/competition/_competition_form.html: Using EditorConfig core...
ffhm/api/models.py: {}
ffhm/api/models.py: Using EditorConfig core...
ffhm/scoresheet/views/competition.py: {}
ffhm/scoresheet/views/competition.py: Using EditorConfig core...
ffhm/scoresheet/views/competition.py: {}
ffhm/scoresheet/views/competition.py: Using EditorConfig core...
ffhm/scoresheet/templates/scoresheet/competition/competition_add.html: {}
ffhm/scoresheet/templates/scoresheet/competition/competition_edit.html: {}
ffhm/scoresheet/templates/scoresheet/competition/competition_edit.html: {}
ffhm/scoresheet/templates/scoresheet/competition/_competition_form.html: {}
ffhm/scoresheet/templates/scoresheet/competition/_competition_form.html: Using EditorConfig core...
ffhm/scoresheet/templates/scoresheet/competition/_competition_form.html: Using EditorConfig core...
ffhm/scoresheet/templates/scoresheet/competition/_competition_form.html: {}
ffhm/scoresheet/templates/scoresheet/competition/_competition_form.html: Using EditorConfig core...
