[2022-01-24 18:16:55.394] [main] [info] update#setState idle
[2022-01-24 18:16:55.641] [main] [info] ExtensionHostStarterWorker created
[2022-01-24 18:16:57.402] [main] [info] Starting extension host with pid 2808613 (fork() took 24 ms).
[2022-01-24 18:17:25.406] [main] [info] update#setState checking for updates
[2022-01-24 18:17:25.414] [main] [info] update#setState idle
[2022-01-24 19:17:25.503] [main] [info] update#setState checking for updates
[2022-01-24 19:17:25.515] [main] [info] update#setState idle
[2022-01-24 20:17:25.610] [main] [info] update#setState checking for updates
[2022-01-24 20:17:25.622] [main] [info] update#setState idle
[2022-01-24 21:17:25.720] [main] [info] update#setState checking for updates
[2022-01-24 21:17:25.729] [main] [info] update#setState idle
[2022-01-24 22:17:25.837] [main] [info] update#setState checking for updates
[2022-01-24 22:17:25.842] [main] [info] update#setState idle
[2022-01-24 23:17:25.973] [main] [info] update#setState checking for updates
[2022-01-24 23:17:25.990] [main] [info] update#setState idle
[2022-01-25 00:17:26.085] [main] [info] update#setState checking for updates
[2022-01-25 00:17:26.096] [main] [info] update#setState idle
[2022-01-25 17:42:09.197] [main] [info] update#setState checking for updates
[2022-01-25 17:42:09.224] [main] [info] update#setState idle
[2022-01-25 20:54:30.473] [main] [info] update#setState checking for updates
[2022-01-25 20:54:30.479] [main] [info] update#setState idle
[2022-01-25 21:54:30.585] [main] [info] update#setState checking for updates
[2022-01-25 21:54:30.587] [main] [info] update#setState idle
[2022-01-25 22:54:30.616] [main] [info] update#setState checking for updates
[2022-01-25 22:54:30.627] [main] [info] update#setState idle
[2022-01-25 23:54:30.735] [main] [info] update#setState checking for updates
[2022-01-25 23:54:30.736] [main] [info] update#setState idle
[2022-01-26 20:08:59.748] [main] [info] update#setState checking for updates
[2022-01-26 20:08:59.755] [main] [info] update#setState idle
[2022-01-26 20:14:39.487] [main] [info] Starting extension host with pid 2858848 (fork() took 28 ms).
[2022-01-26 20:14:42.978] [main] [info] Extension host with pid 2858848 exited with code: 0, signal: null.
[2022-01-26 21:08:58.268] [main] [info] update#setState checking for updates
[2022-01-26 21:08:58.285] [main] [info] update#setState idle
[2022-01-26 22:08:58.352] [main] [info] update#setState checking for updates
[2022-01-26 22:08:58.363] [main] [info] update#setState idle
[2022-01-26 23:08:58.459] [main] [info] update#setState checking for updates
[2022-01-26 23:08:58.461] [main] [info] update#setState idle
[2022-01-27 18:22:58.777] [main] [info] update#setState checking for updates
[2022-01-27 18:22:58.796] [main] [info] update#setState idle
[2022-01-27 19:22:57.644] [main] [info] update#setState checking for updates
[2022-01-27 19:22:57.650] [main] [info] update#setState idle
