[2022-01-24 18:16:58.125] [renderer1] [error] [Extension Host] (node:2808613) [DEP0005] DeprecationWarning: Buffer() is deprecated due to security and usability issues. Please use the Buffer.alloc(), Buffer.allocUnsafe(), or Buffer.from() methods instead.
(Use `code --trace-deprecation ...` to show where the warning was created)
[2022-01-24 18:30:25.562] [renderer1] [error] Cannot read property 'length' of undefined: TypeError: Cannot read property 'length' of undefined
    at /home/serge/.vscode/extensions/ms-python.python-2021.12.1559732655/out/client/extension.js:67:257359
    at p (/home/serge/.vscode/extensions/ms-python.python-2021.12.1559732655/out/client/extension.js:67:262355)
    at z.provideCompletionItems (/snap/code/85/usr/share/code/resources/app/out/vs/workbench/services/extensions/node/extensionHostProcess.js:95:101516)
[2022-01-24 19:29:07.282] [renderer1] [error] getaddrinfo EAI_AGAIN default.exp-tas.com: Error: getaddrinfo EAI_AGAIN default.exp-tas.com
    at GetAddrInfoReqWrap.onlookup [as oncomplete] (dns.js:67:26)
[2022-01-24 19:58:48.591] [renderer1] [error] getaddrinfo EAI_AGAIN default.exp-tas.com: Error: getaddrinfo EAI_AGAIN default.exp-tas.com
    at GetAddrInfoReqWrap.onlookup [as oncomplete] (dns.js:67:26)
[2022-01-24 20:28:48.607] [renderer1] [error] getaddrinfo EAI_AGAIN default.exp-tas.com: Error: getaddrinfo EAI_AGAIN default.exp-tas.com
    at GetAddrInfoReqWrap.onlookup [as oncomplete] (dns.js:67:26)
[2022-01-24 20:58:48.564] [renderer1] [error] getaddrinfo EAI_AGAIN default.exp-tas.com: Error: getaddrinfo EAI_AGAIN default.exp-tas.com
    at GetAddrInfoReqWrap.onlookup [as oncomplete] (dns.js:67:26)
[2022-01-24 21:28:48.561] [renderer1] [error] getaddrinfo EAI_AGAIN default.exp-tas.com: Error: getaddrinfo EAI_AGAIN default.exp-tas.com
    at GetAddrInfoReqWrap.onlookup [as oncomplete] (dns.js:67:26)
[2022-01-24 21:58:48.652] [renderer1] [error] getaddrinfo EAI_AGAIN default.exp-tas.com: Error: getaddrinfo EAI_AGAIN default.exp-tas.com
    at GetAddrInfoReqWrap.onlookup [as oncomplete] (dns.js:67:26)
[2022-01-24 22:28:48.573] [renderer1] [error] getaddrinfo EAI_AGAIN default.exp-tas.com: Error: getaddrinfo EAI_AGAIN default.exp-tas.com
    at GetAddrInfoReqWrap.onlookup [as oncomplete] (dns.js:67:26)
[2022-01-24 22:58:48.565] [renderer1] [error] getaddrinfo EAI_AGAIN default.exp-tas.com: Error: getaddrinfo EAI_AGAIN default.exp-tas.com
    at GetAddrInfoReqWrap.onlookup [as oncomplete] (dns.js:67:26)
[2022-01-24 23:28:48.614] [renderer1] [error] getaddrinfo EAI_AGAIN default.exp-tas.com: Error: getaddrinfo EAI_AGAIN default.exp-tas.com
    at GetAddrInfoReqWrap.onlookup [as oncomplete] (dns.js:67:26)
[2022-01-24 23:58:48.582] [renderer1] [error] getaddrinfo EAI_AGAIN default.exp-tas.com: Error: getaddrinfo EAI_AGAIN default.exp-tas.com
    at GetAddrInfoReqWrap.onlookup [as oncomplete] (dns.js:67:26)
[2022-01-25 00:28:48.619] [renderer1] [error] getaddrinfo EAI_AGAIN default.exp-tas.com: Error: getaddrinfo EAI_AGAIN default.exp-tas.com
    at GetAddrInfoReqWrap.onlookup [as oncomplete] (dns.js:67:26)
[2022-01-25 16:48:36.449] [renderer1] [error] getaddrinfo EAI_AGAIN default.exp-tas.com: Error: getaddrinfo EAI_AGAIN default.exp-tas.com
    at GetAddrInfoReqWrap.onlookup [as oncomplete] (dns.js:67:26)
[2022-01-25 17:18:35.893] [renderer1] [error] getaddrinfo EAI_AGAIN default.exp-tas.com: Error: getaddrinfo EAI_AGAIN default.exp-tas.com
    at GetAddrInfoReqWrap.onlookup [as oncomplete] (dns.js:67:26)
[2022-01-25 17:48:35.926] [renderer1] [error] getaddrinfo EAI_AGAIN default.exp-tas.com: Error: getaddrinfo EAI_AGAIN default.exp-tas.com
    at GetAddrInfoReqWrap.onlookup [as oncomplete] (dns.js:67:26)
[2022-01-25 19:58:54.899] [renderer1] [error] getaddrinfo EAI_AGAIN default.exp-tas.com: Error: getaddrinfo EAI_AGAIN default.exp-tas.com
    at GetAddrInfoReqWrap.onlookup [as oncomplete] (dns.js:67:26)
[2022-01-25 20:28:54.902] [renderer1] [error] getaddrinfo EAI_AGAIN default.exp-tas.com: Error: getaddrinfo EAI_AGAIN default.exp-tas.com
    at GetAddrInfoReqWrap.onlookup [as oncomplete] (dns.js:67:26)
[2022-01-25 20:58:54.902] [renderer1] [error] getaddrinfo EAI_AGAIN default.exp-tas.com: Error: getaddrinfo EAI_AGAIN default.exp-tas.com
    at GetAddrInfoReqWrap.onlookup [as oncomplete] (dns.js:67:26)
[2022-01-25 21:28:54.911] [renderer1] [error] getaddrinfo EAI_AGAIN default.exp-tas.com: Error: getaddrinfo EAI_AGAIN default.exp-tas.com
    at GetAddrInfoReqWrap.onlookup [as oncomplete] (dns.js:67:26)
[2022-01-25 21:58:54.918] [renderer1] [error] getaddrinfo EAI_AGAIN default.exp-tas.com: Error: getaddrinfo EAI_AGAIN default.exp-tas.com
    at GetAddrInfoReqWrap.onlookup [as oncomplete] (dns.js:67:26)
[2022-01-25 22:28:54.907] [renderer1] [error] getaddrinfo EAI_AGAIN default.exp-tas.com: Error: getaddrinfo EAI_AGAIN default.exp-tas.com
    at GetAddrInfoReqWrap.onlookup [as oncomplete] (dns.js:67:26)
[2022-01-25 22:58:54.923] [renderer1] [error] getaddrinfo EAI_AGAIN default.exp-tas.com: Error: getaddrinfo EAI_AGAIN default.exp-tas.com
    at GetAddrInfoReqWrap.onlookup [as oncomplete] (dns.js:67:26)
[2022-01-25 23:28:54.909] [renderer1] [error] getaddrinfo EAI_AGAIN default.exp-tas.com: Error: getaddrinfo EAI_AGAIN default.exp-tas.com
    at GetAddrInfoReqWrap.onlookup [as oncomplete] (dns.js:67:26)
[2022-01-25 23:58:54.913] [renderer1] [error] getaddrinfo EAI_AGAIN default.exp-tas.com: Error: getaddrinfo EAI_AGAIN default.exp-tas.com
    at GetAddrInfoReqWrap.onlookup [as oncomplete] (dns.js:67:26)
[2022-01-26 00:13:46.076] [renderer1] [error] Cannot read property 'length' of undefined: TypeError: Cannot read property 'length' of undefined
    at /home/serge/.vscode/extensions/ms-python.python-2021.12.1559732655/out/client/extension.js:67:257359
    at p (/home/serge/.vscode/extensions/ms-python.python-2021.12.1559732655/out/client/extension.js:67:262355)
    at z.provideCompletionItems (/snap/code/85/usr/share/code/resources/app/out/vs/workbench/services/extensions/node/extensionHostProcess.js:95:101516)
[2022-01-26 00:15:26.238] [renderer1] [error] ENOENT: no such file or directory, open '/home/serge/.config/Code/User/globalStorage/vscodevim.vim/.registers': Error: ENOENT: no such file or directory, open '/home/serge/.config/Code/User/globalStorage/vscodevim.vim/.registers'
[2022-01-26 00:28:54.925] [renderer1] [error] getaddrinfo EAI_AGAIN default.exp-tas.com: Error: getaddrinfo EAI_AGAIN default.exp-tas.com
    at GetAddrInfoReqWrap.onlookup [as oncomplete] (dns.js:67:26)
[2022-01-26 19:50:48.400] [renderer1] [error] getaddrinfo EAI_AGAIN default.exp-tas.com: Error: getaddrinfo EAI_AGAIN default.exp-tas.com
    at GetAddrInfoReqWrap.onlookup [as oncomplete] (dns.js:67:26)
[2022-01-26 20:20:46.810] [renderer1] [error] getaddrinfo EAI_AGAIN default.exp-tas.com: Error: getaddrinfo EAI_AGAIN default.exp-tas.com
    at GetAddrInfoReqWrap.onlookup [as oncomplete] (dns.js:67:26)
[2022-01-26 20:50:46.857] [renderer1] [error] getaddrinfo EAI_AGAIN default.exp-tas.com: Error: getaddrinfo EAI_AGAIN default.exp-tas.com
    at GetAddrInfoReqWrap.onlookup [as oncomplete] (dns.js:67:26)
[2022-01-26 21:20:46.843] [renderer1] [error] getaddrinfo EAI_AGAIN default.exp-tas.com: Error: getaddrinfo EAI_AGAIN default.exp-tas.com
    at GetAddrInfoReqWrap.onlookup [as oncomplete] (dns.js:67:26)
[2022-01-26 21:50:46.807] [renderer1] [error] getaddrinfo EAI_AGAIN default.exp-tas.com: Error: getaddrinfo EAI_AGAIN default.exp-tas.com
    at GetAddrInfoReqWrap.onlookup [as oncomplete] (dns.js:67:26)
[2022-01-26 22:20:46.808] [renderer1] [error] getaddrinfo EAI_AGAIN default.exp-tas.com: Error: getaddrinfo EAI_AGAIN default.exp-tas.com
    at GetAddrInfoReqWrap.onlookup [as oncomplete] (dns.js:67:26)
[2022-01-26 22:50:46.810] [renderer1] [error] getaddrinfo EAI_AGAIN default.exp-tas.com: Error: getaddrinfo EAI_AGAIN default.exp-tas.com
    at GetAddrInfoReqWrap.onlookup [as oncomplete] (dns.js:67:26)
[2022-01-26 23:20:46.817] [renderer1] [error] getaddrinfo EAI_AGAIN default.exp-tas.com: Error: getaddrinfo EAI_AGAIN default.exp-tas.com
    at GetAddrInfoReqWrap.onlookup [as oncomplete] (dns.js:67:26)
[2022-01-26 23:50:46.819] [renderer1] [error] getaddrinfo EAI_AGAIN default.exp-tas.com: Error: getaddrinfo EAI_AGAIN default.exp-tas.com
    at GetAddrInfoReqWrap.onlookup [as oncomplete] (dns.js:67:26)
[2022-01-27 18:28:30.559] [renderer1] [error] getaddrinfo EAI_AGAIN default.exp-tas.com: Error: getaddrinfo EAI_AGAIN default.exp-tas.com
    at GetAddrInfoReqWrap.onlookup [as oncomplete] (dns.js:67:26)
[2022-01-27 18:58:29.346] [renderer1] [error] getaddrinfo EAI_AGAIN default.exp-tas.com: Error: getaddrinfo EAI_AGAIN default.exp-tas.com
    at GetAddrInfoReqWrap.onlookup [as oncomplete] (dns.js:67:26)
[2022-01-27 19:28:29.316] [renderer1] [error] getaddrinfo EAI_AGAIN default.exp-tas.com: Error: getaddrinfo EAI_AGAIN default.exp-tas.com
    at GetAddrInfoReqWrap.onlookup [as oncomplete] (dns.js:67:26)
