[2022-01-19 01:11:10.111] [exthost] [info] Extension host with pid 3478079 started
[2022-01-19 01:11:10.112] [exthost] [info] Skipping acquiring lock for /home/serge/.config/Code/User/workspaceStorage/b985a8ce55fa94b87e64c7621402c82b.
[2022-01-19 01:11:10.318] [exthost] [info] ExtensionService#_doActivateExtension vscode.microsoft-authentication, startup: false, activationEvent: 'onAuthenticationRequest:microsoft'
[2022-01-19 01:11:10.340] [exthost] [info] ExtensionService#_doActivateExtension vscode.configuration-editing, startup: false, activationEvent: 'onLanguage:jsonc'
[2022-01-19 01:11:10.346] [exthost] [info] ExtensionService#_doActivateExtension vscode.json-language-features, startup: false, activationEvent: 'onLanguage:jsonc'
[2022-01-19 01:11:10.364] [exthost] [info] ExtensionService#_doActivateExtension vscode.typescript-language-features, startup: false, activationEvent: 'onLanguage:jsonc'
[2022-01-19 01:11:10.397] [exthost] [info] ExtensionService#_doActivateExtension vscode.debug-auto-launch, startup: true, activationEvent: '*'
[2022-01-19 01:11:10.411] [exthost] [info] ExtensionService#_doActivateExtension vscode.git-base, startup: true, activationEvent: '*', root cause: vscode.github
[2022-01-19 01:11:10.419] [exthost] [info] ExtensionService#_doActivateExtension EditorConfig.EditorConfig, startup: true, activationEvent: '*'
[2022-01-19 01:11:10.455] [exthost] [info] ExtensionService#_doActivateExtension johnpapa.vscode-peacock, startup: true, activationEvent: '*'
[2022-01-19 01:11:10.460] [exthost] [info] ExtensionService#_doActivateExtension mhutchie.git-graph, startup: true, activationEvent: '*'
[2022-01-19 01:11:10.502] [exthost] [info] ExtensionService#_doActivateExtension PsykoSoldi3r.vscode-git-flow, startup: true, activationEvent: '*'
[2022-01-19 01:11:10.524] [exthost] [info] ExtensionService#_doActivateExtension vscode-icons-team.vscode-icons, startup: true, activationEvent: '*'
[2022-01-19 01:11:10.574] [exthost] [info] ExtensionService#_doActivateExtension vscodevim.vim, startup: true, activationEvent: '*'
[2022-01-19 01:11:10.633] [exthost] [info] ExtensionService#_doActivateExtension ms-python.python, startup: true, activationEvent: 'workspaceContains:requirements.txt'
[2022-01-19 01:11:11.116] [exthost] [info] ExtensionService#_doActivateExtension vscode.github-authentication, startup: false, activationEvent: 'onAuthenticationRequest:github'
[2022-01-19 01:11:11.964] [exthost] [info] ExtensionService#_doActivateExtension ms-python.vscode-pylance, startup: false, activationEvent: 'api', root cause: ms-python.python
[2022-01-19 01:11:18.840] [exthost] [info] ExtensionService#_doActivateExtension vscode.git, startup: true, activationEvent: '*'
[2022-01-19 01:11:18.896] [exthost] [info] ExtensionService#_doActivateExtension vscode.github, startup: true, activationEvent: '*'
[2022-01-19 01:11:18.949] [exthost] [info] Eager extensions activated
[2022-01-19 01:11:18.986] [exthost] [info] ExtensionService#_doActivateExtension vscode.emmet, startup: false, activationEvent: 'onStartupFinished'
[2022-01-19 01:11:18.994] [exthost] [info] ExtensionService#_doActivateExtension vscode.merge-conflict, startup: false, activationEvent: 'onStartupFinished'
[2022-01-19 01:11:18.996] [exthost] [info] ExtensionService#_doActivateExtension dbaeumer.vscode-eslint, startup: false, activationEvent: 'onStartupFinished'
[2022-01-19 01:11:19.009] [exthost] [info] ExtensionService#_doActivateExtension esbenp.prettier-vscode, startup: false, activationEvent: 'onStartupFinished'
[2022-01-19 01:11:19.433] [exthost] [info] ExtensionService#_doActivateExtension ms-vscode-remote.remote-containers, startup: false, activationEvent: 'onStartupFinished'
[2022-01-19 01:11:19.508] [exthost] [info] ExtensionService#_doActivateExtension nrwl.angular-console, startup: false, activationEvent: 'onStartupFinished'
[2022-01-19 01:11:19.899] [exthost] [info] ExtensionService#_doActivateExtension PKief.material-icon-theme, startup: false, activationEvent: 'onStartupFinished'
[2022-01-19 01:13:43.938] [exthost] [info] extension host terminating: renderer closed the socket
[2022-01-19 01:13:44.231] [exthost] [error] TypeError: Converting circular structure to JSON
    --> starting at object with constructor 't'
    |     property '_readableState' -> object with constructor 'C'
    |     property 'pipes' -> object with constructor 'Array'
    |     index 0 -> object with constructor 't.ConsoleForElectron'
    --- property 'parent' closes the circle
    at JSON.stringify (<anonymous>)
    at /home/serge/.vscode/extensions/vscodevim.vim-1.21.10/src/register/register.ts:357:16
    at runMicrotasks (<anonymous>)
    at process.async (internal/process/task_queues.js:93:5)
    at Object.e.deactivate (/home/serge/.vscode/extensions/vscodevim.vim-1.21.10/extension.ts:36:8)
    at async Promise.all (index 23)
    at v.deactivateAll (/snap/code/85/usr/share/code/resources/app/out/vs/workbench/services/extensions/node/extensionHostProcess.js:100:10087)
[2022-01-19 01:13:44.231] [exthost] [info] Extension host with pid 3478079 exiting with code 0
