Initializing document watcher...
ffhm/ffhm_intranet/admin.py: {}
ffhm/api/admin.py: {}
ffhm/api/admin.py: Using EditorConfig core...
ffhm/api/admin.py: Using EditorConfig core...
ffhm/api/admin.py: {}
ffhm/api/admin.py: Using EditorConfig core...
ffhm/api/admin.py: {}
ffhm/api/admin.py: {}
ffhm/api/admin.py: Using EditorConfig core...
ffhm/api/admin.py: {}
ffhm/api/admin.py: {}
ffhm/api/admin.py: Using EditorConfig core...
ffhm/api/admin.py: {}
ffhm/api/admin.py: Using EditorConfig core...
ffhm/api/admin.py: Using EditorConfig core...
ffhm/api/admin.py: Using EditorConfig core...
ffhm/api/admin.py: {}
ffhm/api/admin.py: {}
ffhm/api/admin.py: Using EditorConfig core...
ffhm/api/admin.py: {}
ffhm/api/admin.py: Using EditorConfig core...
ffhm/api/admin.py: {}
ffhm/api/admin.py: {}
ffhm/ffhm/settings/__init__.py: {}
ffhm/ffhm/settings/__init__.py: {}
ffhm/ffhm/settings/__init__.py: {}
ffhm/api/models.py: {}
ffhm/api/models.py: {}
ffhm/api/models.py: {}
ffhm/scoresheet/views/competition.py: {}
ffhm/scoresheet/views/competition.py: Using EditorConfig core...
/home/serge/.config/Code/User/settings.json: {}
/home/serge/.config/Code/User/settings.json: Using EditorConfig core...
/home/serge/.config/Code/User/settings.json: Using EditorConfig core...
