[2022-01-19 01:22:08.353] [exthost] [info] Extension host with pid 3494293 started
[2022-01-19 01:22:08.353] [exthost] [info] Skipping acquiring lock for /home/serge/.config/Code/User/workspaceStorage/b985a8ce55fa94b87e64c7621402c82b.
[2022-01-19 01:22:08.457] [exthost] [info] ExtensionService#_doActivateExtension vscode.microsoft-authentication, startup: false, activationEvent: 'onAuthenticationRequest:microsoft'
[2022-01-19 01:22:08.469] [exthost] [info] ExtensionService#_doActivateExtension vscode.configuration-editing, startup: false, activationEvent: 'onLanguage:jsonc'
[2022-01-19 01:22:08.472] [exthost] [info] ExtensionService#_doActivateExtension vscode.json-language-features, startup: false, activationEvent: 'onLanguage:jsonc'
[2022-01-19 01:22:08.492] [exthost] [info] ExtensionService#_doActivateExtension vscode.typescript-language-features, startup: false, activationEvent: 'onLanguage:jsonc'
[2022-01-19 01:22:08.514] [exthost] [info] ExtensionService#_doActivateExtension vscode.debug-auto-launch, startup: true, activationEvent: '*'
[2022-01-19 01:22:08.517] [exthost] [info] ExtensionService#_doActivateExtension vscode.git-base, startup: true, activationEvent: '*', root cause: vscode.github
[2022-01-19 01:22:08.519] [exthost] [info] ExtensionService#_doActivateExtension EditorConfig.EditorConfig, startup: true, activationEvent: '*'
[2022-01-19 01:22:08.537] [exthost] [info] ExtensionService#_doActivateExtension johnpapa.vscode-peacock, startup: true, activationEvent: '*'
[2022-01-19 01:22:08.545] [exthost] [info] ExtensionService#_doActivateExtension mhutchie.git-graph, startup: true, activationEvent: '*'
[2022-01-19 01:22:08.566] [exthost] [info] ExtensionService#_doActivateExtension PsykoSoldi3r.vscode-git-flow, startup: true, activationEvent: '*'
[2022-01-19 01:22:08.571] [exthost] [info] ExtensionService#_doActivateExtension vscode-icons-team.vscode-icons, startup: true, activationEvent: '*'
[2022-01-19 01:22:08.597] [exthost] [info] ExtensionService#_doActivateExtension vscodevim.vim, startup: true, activationEvent: '*'
[2022-01-19 01:22:08.666] [exthost] [info] ExtensionService#_doActivateExtension ms-python.python, startup: true, activationEvent: 'workspaceContains:requirements.txt'
[2022-01-19 01:22:09.268] [exthost] [info] ExtensionService#_doActivateExtension vscode.github-authentication, startup: false, activationEvent: 'onAuthenticationRequest:github'
[2022-01-19 01:22:10.213] [exthost] [info] ExtensionService#_doActivateExtension ms-python.vscode-pylance, startup: false, activationEvent: 'api', root cause: ms-python.python
[2022-01-19 01:22:10.423] [exthost] [info] ExtensionService#_doActivateExtension batisteo.vscode-django, startup: false, activationEvent: 'onLanguage:python'
[2022-01-19 01:22:10.429] [exthost] [info] ExtensionService#_doActivateExtension ms-toolsai.jupyter, startup: false, activationEvent: 'onLanguage:python'
[2022-01-19 01:22:10.728] [exthost] [info] ExtensionService#_doActivateExtension njpwerner.autodocstring, startup: false, activationEvent: 'onLanguage:python'
[2022-01-19 01:22:10.754] [exthost] [info] ExtensionService#_doActivateExtension shamanu4.django-intellisense, startup: false, activationEvent: 'onLanguage:python'
[2022-01-19 01:22:11.251] [exthost] [info] ExtensionService#_doActivateExtension ms-toolsai.jupyter-renderers, startup: false, activationEvent: 'api', root cause: ms-toolsai.jupyter
[2022-01-19 01:22:11.726] [exthost] [info] ExtensionService#_doActivateExtension vscode.git, startup: true, activationEvent: '*'
[2022-01-19 01:22:11.894] [exthost] [info] ExtensionService#_doActivateExtension vscode.github, startup: true, activationEvent: '*'
[2022-01-19 01:22:11.996] [exthost] [info] Eager extensions activated
[2022-01-19 01:22:12.213] [exthost] [info] ExtensionService#_doActivateExtension vscode.emmet, startup: false, activationEvent: 'onStartupFinished'
[2022-01-19 01:22:12.234] [exthost] [info] ExtensionService#_doActivateExtension vscode.merge-conflict, startup: false, activationEvent: 'onStartupFinished'
[2022-01-19 01:22:12.236] [exthost] [info] ExtensionService#_doActivateExtension dbaeumer.vscode-eslint, startup: false, activationEvent: 'onStartupFinished'
[2022-01-19 01:22:12.245] [exthost] [info] ExtensionService#_doActivateExtension esbenp.prettier-vscode, startup: false, activationEvent: 'onStartupFinished'
[2022-01-19 01:22:12.822] [exthost] [info] ExtensionService#_doActivateExtension ms-vscode-remote.remote-containers, startup: false, activationEvent: 'onStartupFinished'
[2022-01-19 01:22:12.861] [exthost] [info] ExtensionService#_doActivateExtension nrwl.angular-console, startup: false, activationEvent: 'onStartupFinished'
[2022-01-19 01:22:13.050] [exthost] [info] ExtensionService#_doActivateExtension PKief.material-icon-theme, startup: false, activationEvent: 'onStartupFinished'
[2022-01-19 01:22:15.681] [exthost] [error] [ms-python.python] provider FAILED
[2022-01-19 01:22:15.681] [exthost] [error] Canceled: Canceled
    at S.makeCancelError (/home/serge/.vscode/extensions/ms-python.python-2021.12.1559732655/out/client/extension.js:24:159824)
    at S.handleFailedRequest (/home/serge/.vscode/extensions/ms-python.python-2021.12.1559732655/out/client/extension.js:24:159675)
    at /home/serge/.vscode/extensions/ms-python.python-2021.12.1559732655/out/client/extension.js:24:127536
    at T.provideCodeActions (/snap/code/85/usr/share/code/resources/app/out/vs/workbench/services/extensions/node/extensionHostProcess.js:95:93216)
[2022-01-19 01:23:35.684] [exthost] [error] [ms-python.python] provider FAILED
[2022-01-19 01:23:35.684] [exthost] [error] Canceled: Canceled
    at S.makeCancelError (/home/serge/.vscode/extensions/ms-python.python-2021.12.1559732655/out/client/extension.js:24:159824)
    at S.handleFailedRequest (/home/serge/.vscode/extensions/ms-python.python-2021.12.1559732655/out/client/extension.js:24:159675)
    at /home/serge/.vscode/extensions/ms-python.python-2021.12.1559732655/out/client/extension.js:24:127536
    at T.provideCodeActions (/snap/code/85/usr/share/code/resources/app/out/vs/workbench/services/extensions/node/extensionHostProcess.js:95:93216)
[2022-01-19 01:23:49.463] [exthost] [warning] TextEditor is closed/disposed
[2022-01-19 01:23:49.463] [exthost] [warning] TextEditor is closed/disposed
[2022-01-19 01:23:49.489] [exthost] [warning] ExtHostTextEditorOptions 'setCursorStyle' failed:'
[2022-01-19 01:23:49.489] [exthost] [warning] {"name":"DISPOSED","message":"TextEditor(vs.editor.ICodeEditor:1,$model9) has been disposed"}
[2022-01-19 01:33:23.256] [exthost] [error] [ms-python.python] provider FAILED
[2022-01-19 01:33:23.257] [exthost] [error] Canceled: Canceled
    at S.makeCancelError (/home/serge/.vscode/extensions/ms-python.python-2021.12.1559732655/out/client/extension.js:24:159824)
    at S.handleFailedRequest (/home/serge/.vscode/extensions/ms-python.python-2021.12.1559732655/out/client/extension.js:24:159675)
    at /home/serge/.vscode/extensions/ms-python.python-2021.12.1559732655/out/client/extension.js:24:120017
    at o.provideHover (/snap/code/85/usr/share/code/resources/app/out/vs/workbench/services/extensions/node/extensionHostProcess.js:95:90908)
