[2022-01-19 21:49:02.902] [exthost] [info] Extension host with pid 41269 started
[2022-01-19 21:49:02.902] [exthost] [info] Skipping acquiring lock for /home/serge/.config/Code/User/workspaceStorage/b985a8ce55fa94b87e64c7621402c82b.
[2022-01-19 21:49:03.044] [exthost] [info] ExtensionService#_doActivateExtension vscode.microsoft-authentication, startup: false, activationEvent: 'onAuthenticationRequest:microsoft'
[2022-01-19 21:49:03.053] [exthost] [info] ExtensionService#_doActivateExtension batisteo.vscode-django, startup: false, activationEvent: 'onLanguage:python'
[2022-01-19 21:49:03.060] [exthost] [info] ExtensionService#_doActivateExtension ms-python.python, startup: false, activationEvent: 'onLanguage:python', root cause: ms-python.vscode-pylance
[2022-01-19 21:49:03.219] [exthost] [info] ExtensionService#_doActivateExtension ms-toolsai.jupyter, startup: false, activationEvent: 'onLanguage:python'
[2022-01-19 21:49:03.326] [exthost] [info] ExtensionService#_doActivateExtension njpwerner.autodocstring, startup: false, activationEvent: 'onLanguage:python'
[2022-01-19 21:49:03.342] [exthost] [info] ExtensionService#_doActivateExtension shamanu4.django-intellisense, startup: false, activationEvent: 'onLanguage:python'
[2022-01-19 21:49:03.344] [exthost] [info] ExtensionService#_doActivateExtension vscode.debug-auto-launch, startup: true, activationEvent: '*'
[2022-01-19 21:49:03.346] [exthost] [info] ExtensionService#_doActivateExtension vscode.git-base, startup: true, activationEvent: '*', root cause: vscode.github
[2022-01-19 21:49:03.349] [exthost] [info] ExtensionService#_doActivateExtension EditorConfig.EditorConfig, startup: true, activationEvent: '*'
[2022-01-19 21:49:03.365] [exthost] [info] ExtensionService#_doActivateExtension johnpapa.vscode-peacock, startup: true, activationEvent: '*'
[2022-01-19 21:49:03.369] [exthost] [info] ExtensionService#_doActivateExtension mhutchie.git-graph, startup: true, activationEvent: '*'
[2022-01-19 21:49:03.387] [exthost] [info] ExtensionService#_doActivateExtension PsykoSoldi3r.vscode-git-flow, startup: true, activationEvent: '*'
[2022-01-19 21:49:03.391] [exthost] [info] ExtensionService#_doActivateExtension vscode-icons-team.vscode-icons, startup: true, activationEvent: '*'
[2022-01-19 21:49:03.408] [exthost] [info] ExtensionService#_doActivateExtension vscodevim.vim, startup: true, activationEvent: '*'
[2022-01-19 21:49:04.153] [exthost] [info] ExtensionService#_doActivateExtension ms-toolsai.jupyter-renderers, startup: false, activationEvent: 'api', root cause: ms-toolsai.jupyter
[2022-01-19 21:49:04.183] [exthost] [info] ExtensionService#_doActivateExtension ms-python.vscode-pylance, startup: false, activationEvent: 'onLanguage:python'
[2022-01-19 21:49:04.283] [exthost] [info] ExtensionService#_doActivateExtension vscode.github-authentication, startup: false, activationEvent: 'onAuthenticationRequest:github'
[2022-01-19 21:49:05.239] [exthost] [info] ExtensionService#_doActivateExtension vscode.git, startup: true, activationEvent: '*'
[2022-01-19 21:49:05.304] [exthost] [info] ExtensionService#_doActivateExtension vscode.github, startup: true, activationEvent: '*'
[2022-01-19 21:49:05.361] [exthost] [info] Eager extensions activated
[2022-01-19 21:49:05.408] [exthost] [info] ExtensionService#_doActivateExtension vscode.emmet, startup: false, activationEvent: 'onStartupFinished'
[2022-01-19 21:49:05.421] [exthost] [info] ExtensionService#_doActivateExtension vscode.merge-conflict, startup: false, activationEvent: 'onStartupFinished'
[2022-01-19 21:49:05.425] [exthost] [info] ExtensionService#_doActivateExtension dbaeumer.vscode-eslint, startup: false, activationEvent: 'onStartupFinished'
[2022-01-19 21:49:05.435] [exthost] [info] ExtensionService#_doActivateExtension esbenp.prettier-vscode, startup: false, activationEvent: 'onStartupFinished'
[2022-01-19 21:49:05.719] [exthost] [info] ExtensionService#_doActivateExtension ms-vscode-remote.remote-containers, startup: false, activationEvent: 'onStartupFinished'
[2022-01-19 21:49:05.750] [exthost] [info] ExtensionService#_doActivateExtension nrwl.angular-console, startup: false, activationEvent: 'onStartupFinished'
[2022-01-19 21:49:05.909] [exthost] [info] ExtensionService#_doActivateExtension PKief.material-icon-theme, startup: false, activationEvent: 'onStartupFinished'
[2022-01-19 21:49:06.160] [exthost] [info] ExtensionService#_doActivateExtension vscode.typescript-language-features, startup: false, activationEvent: 'api', root cause: nrwl.angular-console
[2022-01-19 21:49:27.426] [exthost] [error] [ms-python.python] provider FAILED
[2022-01-19 21:49:27.426] [exthost] [error] Canceled: Canceled
    at S.makeCancelError (/home/serge/.vscode/extensions/ms-python.python-2021.12.1559732655/out/client/extension.js:24:159824)
    at S.handleFailedRequest (/home/serge/.vscode/extensions/ms-python.python-2021.12.1559732655/out/client/extension.js:24:159675)
    at /home/serge/.vscode/extensions/ms-python.python-2021.12.1559732655/out/client/extension.js:24:120017
    at o.provideHover (/snap/code/85/usr/share/code/resources/app/out/vs/workbench/services/extensions/node/extensionHostProcess.js:95:90908)
[2022-01-19 21:50:53.425] [exthost] [error] [ms-python.python] provider FAILED
[2022-01-19 21:50:53.426] [exthost] [error] Canceled: Canceled
    at S.makeCancelError (/home/serge/.vscode/extensions/ms-python.python-2021.12.1559732655/out/client/extension.js:24:159824)
    at S.handleFailedRequest (/home/serge/.vscode/extensions/ms-python.python-2021.12.1559732655/out/client/extension.js:24:159675)
    at /home/serge/.vscode/extensions/ms-python.python-2021.12.1559732655/out/client/extension.js:67:230734
    at ne.provideFoldingRanges (/snap/code/85/usr/share/code/resources/app/out/vs/workbench/services/extensions/node/extensionHostProcess.js:95:107898)
[2022-01-19 21:53:54.594] [exthost] [error] [ms-python.python] provider FAILED
[2022-01-19 21:53:54.595] [exthost] [error] TypeError: Cannot read property 'length' of undefined
    at /home/serge/.vscode/extensions/ms-python.python-2021.12.1559732655/out/client/extension.js:67:257359
    at p (/home/serge/.vscode/extensions/ms-python.python-2021.12.1559732655/out/client/extension.js:67:262355)
    at z.provideCompletionItems (/snap/code/85/usr/share/code/resources/app/out/vs/workbench/services/extensions/node/extensionHostProcess.js:95:101516)
[2022-01-19 21:53:54.676] [exthost] [error] [ms-python.python] provider FAILED
[2022-01-19 21:53:54.676] [exthost] [error] Canceled: Canceled
    at S.makeCancelError (/home/serge/.vscode/extensions/ms-python.python-2021.12.1559732655/out/client/extension.js:24:159824)
    at S.handleFailedRequest (/home/serge/.vscode/extensions/ms-python.python-2021.12.1559732655/out/client/extension.js:24:159675)
    at /home/serge/.vscode/extensions/ms-python.python-2021.12.1559732655/out/client/extension.js:24:127536
    at T.provideCodeActions (/snap/code/85/usr/share/code/resources/app/out/vs/workbench/services/extensions/node/extensionHostProcess.js:95:93216)
[2022-01-19 21:53:54.830] [exthost] [error] [ms-python.python] provider FAILED
[2022-01-19 21:53:54.830] [exthost] [error] Canceled: Canceled
    at S.makeCancelError (/home/serge/.vscode/extensions/ms-python.python-2021.12.1559732655/out/client/extension.js:24:159824)
    at S.handleFailedRequest (/home/serge/.vscode/extensions/ms-python.python-2021.12.1559732655/out/client/extension.js:24:159675)
    at /home/serge/.vscode/extensions/ms-python.python-2021.12.1559732655/out/client/extension.js:67:230734
    at ne.provideFoldingRanges (/snap/code/85/usr/share/code/resources/app/out/vs/workbench/services/extensions/node/extensionHostProcess.js:95:107898)
[2022-01-19 21:55:58.753] [exthost] [error] [ms-python.python] provider FAILED
[2022-01-19 21:55:58.753] [exthost] [error] Canceled: Canceled
    at S.makeCancelError (/home/serge/.vscode/extensions/ms-python.python-2021.12.1559732655/out/client/extension.js:24:159824)
    at S.handleFailedRequest (/home/serge/.vscode/extensions/ms-python.python-2021.12.1559732655/out/client/extension.js:24:159675)
    at /home/serge/.vscode/extensions/ms-python.python-2021.12.1559732655/out/client/extension.js:24:127536
    at T.provideCodeActions (/snap/code/85/usr/share/code/resources/app/out/vs/workbench/services/extensions/node/extensionHostProcess.js:95:93216)
[2022-01-19 21:55:59.112] [exthost] [error] [ms-python.python] provider FAILED
[2022-01-19 21:55:59.113] [exthost] [error] Canceled: Canceled
    at S.makeCancelError (/home/serge/.vscode/extensions/ms-python.python-2021.12.1559732655/out/client/extension.js:24:159824)
    at S.handleFailedRequest (/home/serge/.vscode/extensions/ms-python.python-2021.12.1559732655/out/client/extension.js:24:159675)
    at /home/serge/.vscode/extensions/ms-python.python-2021.12.1559732655/out/client/extension.js:24:127536
    at T.provideCodeActions (/snap/code/85/usr/share/code/resources/app/out/vs/workbench/services/extensions/node/extensionHostProcess.js:95:93216)
[2022-01-19 21:56:14.042] [exthost] [error] [ms-python.python] provider FAILED
[2022-01-19 21:56:14.042] [exthost] [error] Canceled: Canceled
    at S.makeCancelError (/home/serge/.vscode/extensions/ms-python.python-2021.12.1559732655/out/client/extension.js:24:159824)
    at S.handleFailedRequest (/home/serge/.vscode/extensions/ms-python.python-2021.12.1559732655/out/client/extension.js:24:159675)
    at /home/serge/.vscode/extensions/ms-python.python-2021.12.1559732655/out/client/extension.js:67:230734
    at ne.provideFoldingRanges (/snap/code/85/usr/share/code/resources/app/out/vs/workbench/services/extensions/node/extensionHostProcess.js:95:107898)
[2022-01-19 21:56:53.869] [exthost] [error] [ms-python.python] provider FAILED
[2022-01-19 21:56:53.869] [exthost] [error] Canceled: Canceled
    at S.makeCancelError (/home/serge/.vscode/extensions/ms-python.python-2021.12.1559732655/out/client/extension.js:24:159824)
    at S.handleFailedRequest (/home/serge/.vscode/extensions/ms-python.python-2021.12.1559732655/out/client/extension.js:24:159675)
    at /home/serge/.vscode/extensions/ms-python.python-2021.12.1559732655/out/client/extension.js:24:127536
    at T.provideCodeActions (/snap/code/85/usr/share/code/resources/app/out/vs/workbench/services/extensions/node/extensionHostProcess.js:95:93216)
[2022-01-19 21:56:54.079] [exthost] [error] [ms-python.python] provider FAILED
[2022-01-19 21:56:54.079] [exthost] [error] Canceled: Canceled
    at S.makeCancelError (/home/serge/.vscode/extensions/ms-python.python-2021.12.1559732655/out/client/extension.js:24:159824)
    at S.handleFailedRequest (/home/serge/.vscode/extensions/ms-python.python-2021.12.1559732655/out/client/extension.js:24:159675)
    at /home/serge/.vscode/extensions/ms-python.python-2021.12.1559732655/out/client/extension.js:67:230734
    at ne.provideFoldingRanges (/snap/code/85/usr/share/code/resources/app/out/vs/workbench/services/extensions/node/extensionHostProcess.js:95:107898)
[2022-01-19 21:56:54.669] [exthost] [error] [ms-python.python] provider FAILED
[2022-01-19 21:56:54.669] [exthost] [error] Canceled: Canceled
    at S.makeCancelError (/home/serge/.vscode/extensions/ms-python.python-2021.12.1559732655/out/client/extension.js:24:159824)
    at S.handleFailedRequest (/home/serge/.vscode/extensions/ms-python.python-2021.12.1559732655/out/client/extension.js:24:159675)
    at /home/serge/.vscode/extensions/ms-python.python-2021.12.1559732655/out/client/extension.js:24:123609
    at h.provideDocumentHighlights (/snap/code/85/usr/share/code/resources/app/out/vs/workbench/services/extensions/node/extensionHostProcess.js:95:91846)
[2022-01-19 21:56:55.219] [exthost] [error] [ms-python.python] provider FAILED
[2022-01-19 21:56:55.219] [exthost] [error] Canceled: Canceled
    at S.makeCancelError (/home/serge/.vscode/extensions/ms-python.python-2021.12.1559732655/out/client/extension.js:24:159824)
    at S.handleFailedRequest (/home/serge/.vscode/extensions/ms-python.python-2021.12.1559732655/out/client/extension.js:24:159675)
    at /home/serge/.vscode/extensions/ms-python.python-2021.12.1559732655/out/client/extension.js:24:127536
    at T.provideCodeActions (/snap/code/85/usr/share/code/resources/app/out/vs/workbench/services/extensions/node/extensionHostProcess.js:95:93216)
[2022-01-19 21:57:49.340] [exthost] [error] [ms-python.python] provider FAILED
[2022-01-19 21:57:49.340] [exthost] [error] Canceled: Canceled
    at S.makeCancelError (/home/serge/.vscode/extensions/ms-python.python-2021.12.1559732655/out/client/extension.js:24:159824)
    at S.handleFailedRequest (/home/serge/.vscode/extensions/ms-python.python-2021.12.1559732655/out/client/extension.js:24:159675)
    at /home/serge/.vscode/extensions/ms-python.python-2021.12.1559732655/out/client/extension.js:67:230734
    at ne.provideFoldingRanges (/snap/code/85/usr/share/code/resources/app/out/vs/workbench/services/extensions/node/extensionHostProcess.js:95:107898)
[2022-01-22 14:18:02.290] [exthost] [error] [ms-python.python] provider FAILED
[2022-01-22 14:18:02.292] [exthost] [error] Canceled: Canceled
    at S.makeCancelError (/home/serge/.vscode/extensions/ms-python.python-2021.12.1559732655/out/client/extension.js:24:159824)
    at S.handleFailedRequest (/home/serge/.vscode/extensions/ms-python.python-2021.12.1559732655/out/client/extension.js:24:159675)
    at /home/serge/.vscode/extensions/ms-python.python-2021.12.1559732655/out/client/extension.js:24:127536
    at T.provideCodeActions (/snap/code/85/usr/share/code/resources/app/out/vs/workbench/services/extensions/node/extensionHostProcess.js:95:93216)
[2022-01-22 14:19:06.615] [exthost] [info] ExtensionService#_doActivateExtension vscode.configuration-editing, startup: false, activationEvent: 'onLanguage:jsonc'
[2022-01-22 14:19:06.652] [exthost] [info] ExtensionService#_doActivateExtension vscode.json-language-features, startup: false, activationEvent: 'onLanguage:jsonc'
[2022-01-22 14:20:07.864] [exthost] [info] extension host terminating: renderer closed the socket
[2022-01-22 14:20:08.329] [exthost] [error] TypeError: Converting circular structure to JSON
    --> starting at object with constructor 't'
    |     property '_readableState' -> object with constructor 'C'
    |     property 'pipes' -> object with constructor 'Array'
    |     index 0 -> object with constructor 't.ConsoleForElectron'
    --- property 'parent' closes the circle
    at JSON.stringify (<anonymous>)
    at /home/serge/.vscode/extensions/vscodevim.vim-1.21.10/src/register/register.ts:357:16
    at process.async (internal/process/task_queues.js:93:5)
    at Object.e.deactivate (/home/serge/.vscode/extensions/vscodevim.vim-1.21.10/extension.ts:36:8)
    at async Promise.all (index 28)
    at v.deactivateAll (/snap/code/85/usr/share/code/resources/app/out/vs/workbench/services/extensions/node/extensionHostProcess.js:100:10087)
[2022-01-22 14:20:08.329] [exthost] [info] Extension host with pid 41269 exiting with code 0
