[Info  - 01:13:56] Pylance language server 2022.1.1 (pyright 4f61d443) starting
[Info  - 01:13:56] Server root directory: /home/serge/.vscode/extensions/ms-python.vscode-pylance-2022.1.1/dist
[Info  - 01:13:56] Background analysis(1) root directory: /home/serge/.vscode/extensions/ms-python.vscode-pylance-2022.1.1/dist
[Info  - 01:13:56] Background analysis(1) started
[Info  - 01:13:56] No configuration file found.
[Info  - 01:13:56] No pyproject.toml file found.
[Info  - 01:13:56] Setting pythonPath for service "ffhm": "/opt/Projects/ffhm/venv/bin/python"
[Warn  - 01:13:56] stubPath /opt/Projects/ffhm/typings is not a valid directory.
[Info  - 01:13:56] Assuming Python version 3.8
[Info  - 01:13:56] Assuming Python platform Linux
[Warn  - 01:13:56] Exception received when installing file system watcher: TypeError [ERR_FEATURE_UNAVAILABLE_ON_PLATFORM]: The feature watch recursively is unavailable on the current platform, which is being used to run Node.js
[Warn  - 01:13:56] Exception received when installing file system watcher: TypeError [ERR_FEATURE_UNAVAILABLE_ON_PLATFORM]: The feature watch recursively is unavailable on the current platform, which is being used to run Node.js
[Info  - 01:13:56] Searching for source files
[Info  - 01:13:56] Auto-excluding /opt/Projects/ffhm/venv
[Info  - 01:13:56] Found 51 source files
[Info  - 01:20:07] No configuration file found.
[Info  - 01:20:07] No pyproject.toml file found.
[Info  - 01:20:07] Setting pythonPath for service "ffhm": "/opt/Projects/ffhm/venv/bin/python"
[Warn  - 01:20:07] stubPath /opt/Projects/ffhm/typings is not a valid directory.
[Info  - 01:20:07] Assuming Python version 3.8
[Info  - 01:20:07] Assuming Python platform Linux
[Warn  - 01:20:07] Exception received when installing file system watcher: TypeError [ERR_FEATURE_UNAVAILABLE_ON_PLATFORM]: The feature watch recursively is unavailable on the current platform, which is being used to run Node.js
[Warn  - 01:20:07] Exception received when installing file system watcher: TypeError [ERR_FEATURE_UNAVAILABLE_ON_PLATFORM]: The feature watch recursively is unavailable on the current platform, which is being used to run Node.js
[Info  - 01:20:07] Searching for source files
[Info  - 01:20:07] Auto-excluding /opt/Projects/ffhm/venv
[Info  - 01:20:07] Found 51 source files
