[Info  - 22:38:03] Pylance language server 2022.1.3 (pyright 98868f26) starting
[Info  - 22:38:03] Server root directory: /home/serge/.dotfiles/vscode/.vscode/extensions/ms-python.vscode-pylance-2022.1.3/dist
[Info  - 22:38:03] No configuration file found.
[Info  - 22:38:03] No pyproject.toml file found.
[Info  - 22:38:03] Setting pythonPath for service "ffhm": "/opt/Projects/ffhm/venv/bin/python"
[Warn  - 22:38:03] stubPath /opt/Projects/ffhm/typings is not a valid directory.
[Info  - 22:38:03] Assuming Python version 3.8
[Info  - 22:38:03] Assuming Python platform Linux
[Warn  - 22:38:04] Exception received when installing file system watcher: TypeError [ERR_FEATURE_UNAVAILABLE_ON_PLATFORM]: The feature watch recursively is unavailable on the current platform, which is being used to run Node.js
[Warn  - 22:38:04] Exception received when installing file system watcher: TypeError [ERR_FEATURE_UNAVAILABLE_ON_PLATFORM]: The feature watch recursively is unavailable on the current platform, which is being used to run Node.js
[Info  - 22:38:04] Searching for source files
[Info  - 22:38:04] Auto-excluding /opt/Projects/ffhm/venv
[Info  - 22:38:04] Found 52 source files
[Info  - 22:38:04] Background analysis(1) root directory: /home/serge/.dotfiles/vscode/.vscode/extensions/ms-python.vscode-pylance-2022.1.3/dist
[Info  - 22:38:04] Background analysis(1) started
[Info  - 22:38:07] Indexer background runner(2) root directory: /home/serge/.dotfiles/vscode/.vscode/extensions/ms-python.vscode-pylance-2022.1.3/dist
[Info  - 22:38:08] Indexing(2) started
[Info  - 22:38:08] [IDX(2)] Long operation: index execution environment /opt/Projects/ffhm (2103ms)
[Info  - 22:38:08] [IDX(2)] Long operation: index libraries /opt/Projects/ffhm (2798ms)
[Info  - 22:38:08] Indexer done(2). indexed 440 files
