Validation du git trouvé dans : git
Utilisation de git 2.25.1 à partir de git
> git rev-parse --git-dir
Open repository: /opt/Projects/ffhm
> git status -z -u
> git check-ignore -v -z --stdin
> git symbolic-ref --short HEAD
> git for-each-ref --format=%(refname)%00%(upstream:short)%00%(objectname)%00%(upstream:track) refs/heads/develop refs/remotes/develop
> git for-each-ref --sort -committerdate --format %(refname) %(objectname) %(*objectname)
> git remote --verbose
> git show --textconv :scoresheet/views/competition.py
> git ls-files --stage -- /opt/Projects/ffhm/scoresheet/views/competition.py
> git config --get commit.template
> git cat-file -s 133de8c9a62fed8c96124ce5d8a7acf6040ab2f9
> git check-ignore -v -z --stdin
> git check-ignore -v -z --stdin
> git show --textconv :scoresheet/views/competition.py
> git ls-files --stage -- /opt/Projects/ffhm/scoresheet/views/competition.py
> git cat-file -s 133de8c9a62fed8c96124ce5d8a7acf6040ab2f9
> git show --textconv :scoresheet/views/concurrent.py
> git ls-files --stage -- /opt/Projects/ffhm/scoresheet/views/concurrent.py
> git cat-file -s 1b082efcbe3d5abb7a114207f6c10bd857a0f5e8
> git status -z -u
> git symbolic-ref --short HEAD
> git for-each-ref --format=%(refname)%00%(upstream:short)%00%(objectname)%00%(upstream:track) refs/heads/develop refs/remotes/develop
> git for-each-ref --sort -committerdate --format %(refname) %(objectname) %(*objectname)
> git remote --verbose
> git config --get commit.template
> git ls-files --stage -- /opt/Projects/ffhm/scoresheet/views/concurrent.py
> git cat-file -s 1b082efcbe3d5abb7a114207f6c10bd857a0f5e8
> git show --textconv :scoresheet/views/concurrent.py
> git status -z -u
> git symbolic-ref --short HEAD
> git for-each-ref --format=%(refname)%00%(upstream:short)%00%(objectname)%00%(upstream:track) refs/heads/develop refs/remotes/develop
> git for-each-ref --sort -committerdate --format %(refname) %(objectname) %(*objectname)
> git remote --verbose
> git config --get commit.template
> git status -z -u
> git symbolic-ref --short HEAD
> git for-each-ref --format=%(refname)%00%(upstream:short)%00%(objectname)%00%(upstream:track) refs/heads/develop refs/remotes/develop
> git for-each-ref --sort -committerdate --format %(refname) %(objectname) %(*objectname)
> git remote --verbose
> git config --get commit.template
> git status -z -u
> git symbolic-ref --short HEAD
> git for-each-ref --format=%(refname)%00%(upstream:short)%00%(objectname)%00%(upstream:track) refs/heads/develop refs/remotes/develop
> git for-each-ref --sort -committerdate --format %(refname) %(objectname) %(*objectname)
> git remote --verbose
> git config --get commit.template
> git show --textconv :scoresheet/views/competition.py
> git ls-files --stage -- /opt/Projects/ffhm/scoresheet/views/competition.py
> git cat-file -s 133de8c9a62fed8c96124ce5d8a7acf6040ab2f9
> git show --textconv :scoresheet/views/competition.py
> git ls-files --stage -- /opt/Projects/ffhm/scoresheet/views/competition.py
> git cat-file -s 133de8c9a62fed8c96124ce5d8a7acf6040ab2f9
> git status -z -u
> git symbolic-ref --short HEAD
> git for-each-ref --format=%(refname)%00%(upstream:short)%00%(objectname)%00%(upstream:track) refs/heads/develop refs/remotes/develop
> git for-each-ref --sort -committerdate --format %(refname) %(objectname) %(*objectname)
> git remote --verbose
> git config --get commit.template
> git show --textconv :scoresheet/views/concurrent.py
> git ls-files --stage -- /opt/Projects/ffhm/scoresheet/views/concurrent.py
> git cat-file -s 1b082efcbe3d5abb7a114207f6c10bd857a0f5e8
> git status -z -u
> git symbolic-ref --short HEAD
> git for-each-ref --format=%(refname)%00%(upstream:short)%00%(objectname)%00%(upstream:track) refs/heads/develop refs/remotes/develop
> git for-each-ref --sort -committerdate --format %(refname) %(objectname) %(*objectname)
> git remote --verbose
> git config --get commit.template
> git show --textconv :api/models.py
> git ls-files --stage -- /opt/Projects/ffhm/api/models.py
> git cat-file -s 9cf8f85f2c425f5af6dcb77547c82544a6a9e3f6
> git show --textconv :scoresheet/views/competition.py
> git ls-files --stage -- /opt/Projects/ffhm/scoresheet/views/competition.py
> git cat-file -s 133de8c9a62fed8c96124ce5d8a7acf6040ab2f9
> git show --textconv :scoresheet/views/concurrent.py
> git ls-files --stage -- /opt/Projects/ffhm/scoresheet/views/concurrent.py
> git cat-file -s 1b082efcbe3d5abb7a114207f6c10bd857a0f5e8
> git status -z -u
> git symbolic-ref --short HEAD
> git for-each-ref --format=%(refname)%00%(upstream:short)%00%(objectname)%00%(upstream:track) refs/heads/develop refs/remotes/develop
> git for-each-ref --sort -committerdate --format %(refname) %(objectname) %(*objectname)
> git remote --verbose
> git config --get commit.template
