Initializing document watcher...
ffhm/scoresheet/views/competition.py: {}
ffhm/scoresheet/views/competition.py: {}
/home/serge/.config/Code/User/settings.json: {}
/home/serge/.config/Code/User/settings.json: Using EditorConfig core...
/home/serge/.config/Code/User/settings.json: {}
/home/serge/.config/Code/User/settings.json: {}
/home/serge/.config/Code/User/settings.json: {}
/home/serge/.config/Code/User/settings.json: {}
/home/serge/.config/Code/User/settings.json: {}
No more open editors.
No more open editors.
/home/serge/.config/Code/User/settings.json: {}
/home/serge/.config/Code/User/settings.json: Using EditorConfig core...
No more open editors.
/home/serge/.config/Code/User/settings.json: {}
/home/serge/.config/Code/User/settings.json: {}
/home/serge/.config/Code/User/settings.json: {}
/home/serge/.config/Code/User/settings.json: {}
/home/serge/.config/Code/User/settings.json: {}
/home/serge/.config/Code/User/settings.json: {}
/home/serge/.config/Code/User/settings.json: {}
/home/serge/.config/Code/User/settings.json: {}
ffhm/scoresheet/views/competition.py: {}
ffhm/scoresheet/views/concurrent.py: {}
/home/serge/.config/Code/User/settings.json: {}
/home/serge/.config/Code/User/settings.json: {}
/home/serge/.config/Code/User/settings.json: Using EditorConfig core...
ffhm/scoresheet/views/competition.py: {}
/home/serge/.config/Code/User/settings.json: {}
/home/serge/.config/Code/User/settings.json: Using EditorConfig core...
/home/serge/.config/Code/User/settings.json: Using EditorConfig core...
/home/serge/.config/Code/User/settings.json: Using EditorConfig core...
ffhm/scoresheet/views/competition.py: {}
ffhm/scoresheet/views/competition.py: Using EditorConfig core...
ffhm/scoresheet/views/concurrent.py: {}
ffhm/scoresheet/views/concurrent.py: Using EditorConfig core...
ffhm/scoresheet/views/concurrent.py: {}
ffhm/api/models.py: {}
ffhm/scoresheet/views/competition.py: {}
ffhm/scoresheet/views/concurrent.py: {}
ffhm/scoresheet/views/concurrent.py: Using EditorConfig core...
