[Info  - 14:28:30] Pylance language server 2022.1.3 (pyright 98868f26) starting
[Info  - 14:28:30] Server root directory: /home/serge/.vscode/extensions/ms-python.vscode-pylance-2022.1.3/dist
[Info  - 14:28:31] No configuration file found.
[Info  - 14:28:31] No pyproject.toml file found.
[Info  - 14:28:31] Setting pythonPath for service "ffhm": "/opt/Projects/ffhm/venv/bin/python"
[Warn  - 14:28:31] stubPath /opt/Projects/ffhm/typings is not a valid directory.
[Info  - 14:28:32] Assuming Python version 3.8
[Info  - 14:28:32] Assuming Python platform Linux
[Warn  - 14:28:32] Exception received when installing file system watcher: TypeError [ERR_FEATURE_UNAVAILABLE_ON_PLATFORM]: The feature watch recursively is unavailable on the current platform, which is being used to run Node.js
[Warn  - 14:28:32] Exception received when installing file system watcher: TypeError [ERR_FEATURE_UNAVAILABLE_ON_PLATFORM]: The feature watch recursively is unavailable on the current platform, which is being used to run Node.js
[Info  - 14:28:32] Searching for source files
[Info  - 14:28:32] Auto-excluding /opt/Projects/ffhm/venv
[Info  - 14:28:32] Found 51 source files
[Info  - 14:28:34] Background analysis(1) root directory: /home/serge/.vscode/extensions/ms-python.vscode-pylance-2022.1.3/dist
[Info  - 14:28:34] Background analysis(1) started
[Info  - 14:28:34] Indexer background runner(2) root directory: /home/serge/.vscode/extensions/ms-python.vscode-pylance-2022.1.3/dist
[Info  - 14:28:34] Indexing(2) started
[Info  - 14:28:35] [IDX(2)] Long operation: index libraries /opt/Projects/ffhm (2062ms)
[Info  - 14:28:35] Indexer done(2). indexed 440 files
[Info  - 14:47:35] Searching for source files
[Info  - 14:47:35] Auto-excluding /opt/Projects/ffhm/venv
[Info  - 14:47:35] Found 51 source files
[Info  - 14:47:36] Indexer background runner(3) root directory: /home/serge/.vscode/extensions/ms-python.vscode-pylance-2022.1.3/dist
[Info  - 14:47:36] Indexing(3) started
[Info  - 14:47:37] Indexer done(3). indexed 440 files
[Info  - 14:49:29] No configuration file found.
[Info  - 14:49:29] No pyproject.toml file found.
[Info  - 14:49:29] Setting pythonPath for service "ffhm": "/opt/Projects/ffhm/venv/bin/python"
[Warn  - 14:49:29] stubPath /opt/Projects/ffhm/typings is not a valid directory.
[Info  - 14:49:29] Assuming Python version 3.8
[Info  - 14:49:29] Assuming Python platform Linux
[Warn  - 14:49:29] Exception received when installing file system watcher: TypeError [ERR_FEATURE_UNAVAILABLE_ON_PLATFORM]: The feature watch recursively is unavailable on the current platform, which is being used to run Node.js
[Warn  - 14:49:29] Exception received when installing file system watcher: TypeError [ERR_FEATURE_UNAVAILABLE_ON_PLATFORM]: The feature watch recursively is unavailable on the current platform, which is being used to run Node.js
[Info  - 14:49:29] Searching for source files
[Info  - 14:49:29] Auto-excluding /opt/Projects/ffhm/venv
[Info  - 14:49:29] Found 51 source files
[Info  - 14:49:29] Indexer background runner(4) root directory: /home/serge/.vscode/extensions/ms-python.vscode-pylance-2022.1.3/dist
[Info  - 14:49:29] Indexing(4) started
[Info  - 14:49:30] Indexer done(4). indexed 440 files
[Info  - 14:50:48] No configuration file found.
[Info  - 14:50:48] No pyproject.toml file found.
[Info  - 14:50:48] Setting pythonPath for service "ffhm": "/opt/Projects/ffhm/venv/bin/python"
[Warn  - 14:50:48] stubPath /opt/Projects/ffhm/typings is not a valid directory.
[Info  - 14:50:48] Assuming Python version 3.8
[Info  - 14:50:48] Assuming Python platform Linux
[Warn  - 14:50:48] Exception received when installing file system watcher: TypeError [ERR_FEATURE_UNAVAILABLE_ON_PLATFORM]: The feature watch recursively is unavailable on the current platform, which is being used to run Node.js
[Warn  - 14:50:48] Exception received when installing file system watcher: TypeError [ERR_FEATURE_UNAVAILABLE_ON_PLATFORM]: The feature watch recursively is unavailable on the current platform, which is being used to run Node.js
[Info  - 14:50:48] Searching for source files
[Info  - 14:50:48] Auto-excluding /opt/Projects/ffhm/venv
[Info  - 14:50:48] Found 51 source files
[Info  - 14:50:49] Indexer background runner(5) root directory: /home/serge/.vscode/extensions/ms-python.vscode-pylance-2022.1.3/dist
[Info  - 14:50:49] Indexing(5) started
[Info  - 14:50:50] [BG(1)] Long operation: getSemanticTokens delta previousResultId:1642859369944 at /opt/Projects/ffhm/scoresheet/views/competition.py (2103ms)
[Info  - 14:50:51] Indexer done(5). indexed 440 files
[Info  - 14:50:58] No configuration file found.
[Info  - 14:50:58] No pyproject.toml file found.
[Info  - 14:50:58] Setting pythonPath for service "ffhm": "/opt/Projects/ffhm/venv/bin/python"
[Warn  - 14:50:58] stubPath /opt/Projects/ffhm/typings is not a valid directory.
[Info  - 14:50:58] Assuming Python version 3.8
[Info  - 14:50:58] Assuming Python platform Linux
[Warn  - 14:50:58] Exception received when installing file system watcher: TypeError [ERR_FEATURE_UNAVAILABLE_ON_PLATFORM]: The feature watch recursively is unavailable on the current platform, which is being used to run Node.js
[Warn  - 14:50:58] Exception received when installing file system watcher: TypeError [ERR_FEATURE_UNAVAILABLE_ON_PLATFORM]: The feature watch recursively is unavailable on the current platform, which is being used to run Node.js
[Info  - 14:50:58] Searching for source files
[Info  - 14:50:58] Auto-excluding /opt/Projects/ffhm/venv
[Info  - 14:50:58] Found 51 source files
[Info  - 14:50:59] Indexer background runner(6) root directory: /home/serge/.vscode/extensions/ms-python.vscode-pylance-2022.1.3/dist
[Info  - 14:50:59] Indexing(6) started
[Info  - 14:51:00] Indexer done(6). indexed 440 files
[Info  - 18:00:51] Searching for source files
[Info  - 18:00:51] Auto-excluding /opt/Projects/ffhm/venv
[Info  - 18:00:51] Found 52 source files
[Info  - 18:43:56] Searching for source files
[Info  - 18:43:56] Auto-excluding /opt/Projects/ffhm/venv
[Info  - 18:43:56] Found 51 source files
[Info  - 18:44:00] Searching for source files
[Info  - 18:44:00] Auto-excluding /opt/Projects/ffhm/venv
[Info  - 18:44:00] Found 52 source files
