Initializing document watcher...
ffhm/scoresheet/templates/scoresheet/competition/_competition_form.html: Using EditorConfig core...
ffhm/scoresheet/templates/scoresheet/competition/_competition_form.html: Using EditorConfig core...
ffhm/scoresheet/templates/scoresheet/competition/_competition_form.html: Using EditorConfig core...
ffhm/scoresheet/templates/scoresheet/competition/_competition_form.html: Using EditorConfig core...
ffhm/scoresheet/templates/scoresheet/competition/_competition_form.html: Using EditorConfig core...
ffhm/scoresheet/templates/scoresheet/competition/_competition_form.html: Using EditorConfig core...
ffhm/scoresheet/templates/scoresheet/competition/_competition_form.html: Using EditorConfig core...
ffhm/scoresheet/templates/scoresheet/competition/_competition_form.html: Using EditorConfig core...
ffhm/scoresheet/templates/scoresheet/competition/competition_edit.html: {}
ffhm/scoresheet/templates/scoresheet/competition/competition_add.html: {}
ffhm/scoresheet/views/competition.py: {}
ffhm/scoresheet/views/concurrent.py: {}
ffhm/scoresheet/views/concurrent.py: Using EditorConfig core...
ffhm/scoresheet/views/concurrent.py: Using EditorConfig core...
ffhm/scoresheet/views/concurrent.py: Using EditorConfig core...
ffhm/scoresheet/views/concurrent.py: {}
ffhm/scoresheet/views/concurrent.py: {}
ffhm/scoresheet/views/concurrent.py: {}
/home/serge/.config/Code/User/settings.json: {}
/home/serge/.config/Code/User/settings.json: Using EditorConfig core...
/home/serge/.config/Code/User/settings.json: Using EditorConfig core...
/home/serge/.config/Code/User/settings.json: Using EditorConfig core...
/home/serge/.config/Code/User/settings.json: {}
/home/serge/.config/Code/User/settings.json: {}
/home/serge/.config/Code/User/settings.json: {}
/home/serge/.config/Code/User/settings.json: {}
/home/serge/.config/Code/User/settings.json: {}
/home/serge/.config/Code/User/settings.json: Using EditorConfig core...
/home/serge/.config/Code/User/settings.json: Using EditorConfig core...
/home/serge/.config/Code/User/settings.json: {}
