Experiment 'pythonaacf' is active
Experiment 'pythonTensorboardExperiment' is active
Experiment 'PythonPyTorchProfiler' is active
Experiment 'pythonDeprecatePythonPath' is active
> conda info --json
> ~/.local/share/virtualenvs/Peewee-ZPdnfls7/bin/python ~/.vscode/extensions/ms-python.python-2021.12.1559732655/pythonFiles/interpreterInfo.py
> /opt/Projects/ffhm/venv/bin/python ~/.vscode/extensions/ms-python.python-2021.12.1559732655/pythonFiles/interpreterInfo.py
> ~/.local/share/virtualenvs/Pydantic-3mfTY1Ic/bin/python ~/.vscode/extensions/ms-python.python-2021.12.1559732655/pythonFiles/interpreterInfo.py
> ~/.local/share/virtualenvs/Python-zH3-Fs-I/bin/python ~/.vscode/extensions/ms-python.python-2021.12.1559732655/pythonFiles/interpreterInfo.py
> ~/.local/share/virtualenvs/serge-E25BpjwF/bin/python ~/.vscode/extensions/ms-python.python-2021.12.1559732655/pythonFiles/interpreterInfo.py
> /usr/bin/python ~/.vscode/extensions/ms-python.python-2021.12.1559732655/pythonFiles/interpreterInfo.py
> /usr/bin/python3 ~/.vscode/extensions/ms-python.python-2021.12.1559732655/pythonFiles/interpreterInfo.py
> /usr/bin/python3.6 ~/.vscode/extensions/ms-python.python-2021.12.1559732655/pythonFiles/interpreterInfo.py
Python interpreter path: ./venv/bin/python
Starting Pylance language server.
> conda --version
> /opt/Projects/ffhm/venv/bin/python -m pylint --load-plugins=pylint_django --msg-template='{line},{column},{category},{symbol}:{msg} --reports=n --output-format=text /opt/Projects/ffhm/scoresheet/views/competition.py
cwd: /opt/Projects/ffhm
> conda --version
> ". /opt/Projects/ffhm/venv/bin/activate && echo 'e8b39361-0157-4923-80e1-22d70d46dee6' && python /home/serge/.vscode/extensions/ms-python.python-2021.12.1559732655/pythonFiles/printEnvVariables.py"
> ". /opt/Projects/ffhm/venv/bin/activate && echo 'e8b39361-0157-4923-80e1-22d70d46dee6' && python /home/serge/.vscode/extensions/ms-python.python-2021.12.1559732655/pythonFiles/printEnvVariables.py"
> ". /opt/Projects/ffhm/venv/bin/activate && echo 'e8b39361-0157-4923-80e1-22d70d46dee6' && python /home/serge/.vscode/extensions/ms-python.python-2021.12.1559732655/pythonFiles/printEnvVariables.py"
##########Linting Output - pylint##########
> /opt/Projects/ffhm/venv/bin/python -m pylint --load-plugins=pylint_django --msg-template='{line},{column},{category},{symbol}:{msg} --reports=n --output-format=text /opt/Projects/ffhm/scoresheet/views/concurrent.py
cwd: /opt/Projects/ffhm
##########Linting Output - pylint##########
> /opt/Projects/ffhm/venv/bin/python ~/.vscode/extensions/ms-python.python-2021.12.1559732655/pythonFiles/sortImports.py - --diff
cwd: /opt/Projects/ffhm/scoresheet/views
> /opt/Projects/ffhm/venv/bin/python -m pylint --load-plugins=pylint_django --msg-template='{line},{column},{category},{symbol}:{msg} --reports=n --output-format=text /opt/Projects/ffhm/scoresheet/views/concurrent.py
cwd: /opt/Projects/ffhm
##########Linting Output - pylint##########
> /opt/Projects/ffhm/venv/bin/python ~/.vscode/extensions/ms-python.python-2021.12.1559732655/pythonFiles/sortImports.py - --diff
cwd: /opt/Projects/ffhm/scoresheet/views
> /opt/Projects/ffhm/venv/bin/python -m pylint --load-plugins=pylint_django --msg-template='{line},{column},{category},{symbol}:{msg} --reports=n --output-format=text /opt/Projects/ffhm/scoresheet/views/concurrent.py
cwd: /opt/Projects/ffhm
##########Linting Output - pylint##########
> /opt/Projects/ffhm/venv/bin/python ~/.vscode/extensions/ms-python.python-2021.12.1559732655/pythonFiles/sortImports.py - --diff
cwd: /opt/Projects/ffhm/scoresheet/views
> /opt/Projects/ffhm/venv/bin/python -m pylint --load-plugins=pylint_django --msg-template='{line},{column},{category},{symbol}:{msg} --reports=n --output-format=text /opt/Projects/ffhm/scoresheet/views/concurrent.py
cwd: /opt/Projects/ffhm
##########Linting Output - pylint##########
